{"/home/travis/build/npmtest/node-npmtest-asynquence/test.js":{"path":"/home/travis/build/npmtest/node-npmtest-asynquence/test.js","s":{"1":2,"2":2,"3":2,"4":2,"5":2,"6":2,"7":2,"8":1,"9":2,"10":2,"11":1,"12":1,"13":1,"14":1,"15":2,"16":2,"17":2,"18":2,"19":1,"20":1,"21":2,"22":2,"23":2,"24":1,"25":1,"26":1,"27":1,"28":1,"29":1,"30":1,"31":1,"32":1,"33":1,"34":1,"35":1,"36":1,"37":1,"38":1,"39":2,"40":2,"41":1,"42":2,"43":2,"44":1,"45":2,"46":2,"47":1,"48":2,"49":2,"50":1,"51":1,"52":1,"53":1,"54":1},"b":{"1":[2,1,1,1],"2":[1,1,1,1],"3":[1,1],"4":[1,1],"5":[1,1],"6":[1,1],"7":[1,1],"8":[1,1],"9":[1,1],"10":[1,1,1],"11":[1,1],"12":[1,1],"13":[1,1],"14":[1,1],"15":[1,1],"16":[1,1],"17":[1,1]},"f":{"1":2,"2":2,"3":2,"4":2,"5":2,"6":1,"7":1,"8":1,"9":2,"10":2,"11":2,"12":2,"13":1},"fnMap":{"1":{"name":"(anonymous_1)","line":12,"loc":{"start":{"line":12,"column":1},"end":{"line":12,"column":13}}},"2":{"name":"(anonymous_2)","line":19,"loc":{"start":{"line":19,"column":5},"end":{"line":19,"column":17}}},"3":{"name":"(anonymous_3)","line":23,"loc":{"start":{"line":23,"column":24},"end":{"line":23,"column":36}}},"4":{"name":"(anonymous_4)","line":61,"loc":{"start":{"line":61,"column":5},"end":{"line":61,"column":17}}},"5":{"name":"(anonymous_5)","line":82,"loc":{"start":{"line":82,"column":5},"end":{"line":82,"column":17}}},"6":{"name":"(anonymous_6)","line":91,"loc":{"start":{"line":91,"column":77},"end":{"line":94,"column":10}}},"7":{"name":"(anonymous_7)","line":112,"loc":{"start":{"line":112,"column":83},"end":{"line":115,"column":10}},"skip":true},"8":{"name":"(anonymous_8)","line":123,"loc":{"start":{"line":123,"column":77},"end":{"line":126,"column":10}},"skip":true},"9":{"name":"(anonymous_9)","line":139,"loc":{"start":{"line":139,"column":12},"end":{"line":139,"column":40}},"skip":true},"10":{"name":"(anonymous_10)","line":147,"loc":{"start":{"line":147,"column":77},"end":{"line":150,"column":10}},"skip":true},"11":{"name":"(anonymous_11)","line":158,"loc":{"start":{"line":158,"column":83},"end":{"line":161,"column":10}},"skip":true},"12":{"name":"(anonymous_12)","line":169,"loc":{"start":{"line":169,"column":79},"end":{"line":172,"column":10}},"skip":true},"13":{"name":"(anonymous_13)","line":180,"loc":{"start":{"line":180,"column":75},"end":{"line":183,"column":10}},"skip":true}},"statementMap":{"1":{"start":{"line":12,"column":0},"end":{"line":195,"column":5}},"2":{"start":{"line":14,"column":4},"end":{"line":14,"column":14}},"3":{"start":{"line":19,"column":4},"end":{"line":56,"column":9}},"4":{"start":{"line":21,"column":8},"end":{"line":21,"column":19}},"5":{"start":{"line":23,"column":8},"end":{"line":35,"column":13}},"6":{"start":{"line":24,"column":12},"end":{"line":34,"column":13}},"7":{"start":{"line":25,"column":16},"end":{"line":28,"column":30}},"8":{"start":{"line":30,"column":16},"end":{"line":33,"column":27}},"9":{"start":{"line":37,"column":8},"end":{"line":39,"column":21}},"10":{"start":{"line":40,"column":8},"end":{"line":53,"column":9}},"11":{"start":{"line":43,"column":12},"end":{"line":46,"column":14}},"12":{"start":{"line":47,"column":12},"end":{"line":47,"column":18}},"13":{"start":{"line":50,"column":12},"end":{"line":51,"column":33}},"14":{"start":{"line":52,"column":12},"end":{"line":52,"column":18}},"15":{"start":{"line":55,"column":8},"end":{"line":55,"column":35}},"16":{"start":{"line":61,"column":4},"end":{"line":63,"column":9}},"17":{"start":{"line":62,"column":8},"end":{"line":62,"column":15}},"18":{"start":{"line":64,"column":4},"end":{"line":77,"column":5}},"19":{"start":{"line":70,"column":8},"end":{"line":70,"column":14}},"20":{"start":{"line":76,"column":8},"end":{"line":76,"column":14}},"21":{"start":{"line":82,"column":4},"end":{"line":84,"column":9}},"22":{"start":{"line":83,"column":8},"end":{"line":83,"column":15}},"23":{"start":{"line":85,"column":4},"end":{"line":194,"column":5}},"24":{"start":{"line":91,"column":8},"end":{"line":99,"column":10}},"25":{"start":{"line":98,"column":12},"end":{"line":98,"column":35}},"26":{"start":{"line":102,"column":8},"end":{"line":104,"column":63}},"27":{"start":{"line":105,"column":8},"end":{"line":105,"column":14}},"28":{"start":{"line":112,"column":8},"end":{"line":121,"column":10},"skip":true},"29":{"start":{"line":119,"column":12},"end":{"line":119,"column":55},"skip":true},"30":{"start":{"line":120,"column":12},"end":{"line":120,"column":48},"skip":true},"31":{"start":{"line":123,"column":8},"end":{"line":136,"column":10},"skip":true},"32":{"start":{"line":130,"column":12},"end":{"line":130,"column":76},"skip":true},"33":{"start":{"line":131,"column":12},"end":{"line":131,"column":73},"skip":true},"34":{"start":{"line":132,"column":12},"end":{"line":132,"column":74},"skip":true},"35":{"start":{"line":133,"column":12},"end":{"line":133,"column":79},"skip":true},"36":{"start":{"line":134,"column":12},"end":{"line":134,"column":25},"skip":true},"37":{"start":{"line":135,"column":12},"end":{"line":135,"column":45},"skip":true},"38":{"start":{"line":138,"column":8},"end":{"line":145,"column":14},"skip":true},"39":{"start":{"line":143,"column":16},"end":{"line":143,"column":29},"skip":true},"40":{"start":{"line":144,"column":16},"end":{"line":144,"column":55},"skip":true},"41":{"start":{"line":147,"column":8},"end":{"line":156,"column":10},"skip":true},"42":{"start":{"line":154,"column":12},"end":{"line":154,"column":25},"skip":true},"43":{"start":{"line":155,"column":12},"end":{"line":155,"column":45},"skip":true},"44":{"start":{"line":158,"column":8},"end":{"line":167,"column":10},"skip":true},"45":{"start":{"line":165,"column":12},"end":{"line":165,"column":25},"skip":true},"46":{"start":{"line":166,"column":12},"end":{"line":166,"column":48},"skip":true},"47":{"start":{"line":169,"column":8},"end":{"line":178,"column":10},"skip":true},"48":{"start":{"line":176,"column":12},"end":{"line":176,"column":25},"skip":true},"49":{"start":{"line":177,"column":12},"end":{"line":177,"column":46},"skip":true},"50":{"start":{"line":180,"column":8},"end":{"line":189,"column":10},"skip":true},"51":{"start":{"line":187,"column":12},"end":{"line":187,"column":94},"skip":true},"52":{"start":{"line":188,"column":12},"end":{"line":188,"column":48},"skip":true},"53":{"start":{"line":192,"column":8},"end":{"line":192,"column":35},"skip":true},"54":{"start":{"line":193,"column":8},"end":{"line":193,"column":14},"skip":true}},"branchMap":{"1":{"line":25,"type":"binary-expr","locations":[{"start":{"line":25,"column":23},"end":{"line":25,"column":62}},{"start":{"line":26,"column":20},"end":{"line":26,"column":70}},{"start":{"line":27,"column":20},"end":{"line":27,"column":71}},{"start":{"line":28,"column":20},"end":{"line":28,"column":29}}]},"2":{"line":30,"type":"binary-expr","locations":[{"start":{"line":30,"column":23},"end":{"line":30,"column":37}},{"start":{"line":31,"column":20},"end":{"line":31,"column":61}},{"start":{"line":32,"column":20},"end":{"line":32,"column":70}},{"start":{"line":33,"column":20},"end":{"line":33,"column":26}}]},"3":{"line":37,"type":"cond-expr","locations":[{"start":{"line":38,"column":14},"end":{"line":38,"column":20}},{"start":{"line":39,"column":14},"end":{"line":39,"column":20}}]},"4":{"line":40,"type":"switch","locations":[{"start":{"line":42,"column":8},"end":{"line":47,"column":18}},{"start":{"line":49,"column":8},"end":{"line":52,"column":18}}]},"5":{"line":44,"type":"binary-expr","locations":[{"start":{"line":44,"column":16},"end":{"line":44,"column":44}},{"start":{"line":44,"column":48},"end":{"line":44,"column":66}}]},"6":{"line":50,"type":"binary-expr","locations":[{"start":{"line":50,"column":21},"end":{"line":50,"column":49}},{"start":{"line":50,"column":53},"end":{"line":50,"column":72}}]},"7":{"line":64,"type":"switch","locations":[{"start":{"line":69,"column":4},"end":{"line":70,"column":14}},{"start":{"line":75,"column":4},"end":{"line":76,"column":14}}]},"8":{"line":85,"type":"switch","locations":[{"start":{"line":90,"column":4},"end":{"line":105,"column":14}},{"start":{"line":111,"column":4},"end":{"line":193,"column":14},"skip":true}]},"9":{"line":91,"type":"binary-expr","locations":[{"start":{"line":91,"column":42},"end":{"line":91,"column":73}},{"start":{"line":91,"column":77},"end":{"line":99,"column":9}}]},"10":{"line":102,"type":"binary-expr","locations":[{"start":{"line":102,"column":18},"end":{"line":102,"column":32}},{"start":{"line":103,"column":12},"end":{"line":103,"column":53}},{"start":{"line":104,"column":12},"end":{"line":104,"column":61}}]},"11":{"line":112,"type":"binary-expr","locations":[{"start":{"line":112,"column":45},"end":{"line":112,"column":79},"skip":true},{"start":{"line":112,"column":83},"end":{"line":121,"column":9},"skip":true}]},"12":{"line":123,"type":"binary-expr","locations":[{"start":{"line":123,"column":42},"end":{"line":123,"column":73},"skip":true},{"start":{"line":123,"column":77},"end":{"line":136,"column":9},"skip":true}]},"13":{"line":138,"type":"binary-expr","locations":[{"start":{"line":138,"column":48},"end":{"line":138,"column":85},"skip":true},{"start":{"line":139,"column":12},"end":{"line":145,"column":13},"skip":true}]},"14":{"line":147,"type":"binary-expr","locations":[{"start":{"line":147,"column":42},"end":{"line":147,"column":73},"skip":true},{"start":{"line":147,"column":77},"end":{"line":156,"column":9},"skip":true}]},"15":{"line":158,"type":"binary-expr","locations":[{"start":{"line":158,"column":45},"end":{"line":158,"column":79},"skip":true},{"start":{"line":158,"column":83},"end":{"line":167,"column":9},"skip":true}]},"16":{"line":169,"type":"binary-expr","locations":[{"start":{"line":169,"column":43},"end":{"line":169,"column":75},"skip":true},{"start":{"line":169,"column":79},"end":{"line":178,"column":9},"skip":true}]},"17":{"line":180,"type":"binary-expr","locations":[{"start":{"line":180,"column":41},"end":{"line":180,"column":71},"skip":true},{"start":{"line":180,"column":75},"end":{"line":189,"column":9},"skip":true}]}},"code":["/* istanbul instrument in package npmtest_asynquence */","/*jslint","    bitwise: true,","    browser: true,","    maxerr: 8,","    maxlen: 96,","    node: true,","    nomen: true,","    regexp: true,","    stupid: true","*/","(function () {","    'use strict';","    var local;","","","","    // run shared js-env code - pre-init","    (function () {","        // init local","        local = {};","        // init modeJs","        local.modeJs = (function () {","            try {","                return typeof navigator.userAgent === 'string' &&","                    typeof document.querySelector('body') === 'object' &&","                    typeof XMLHttpRequest.prototype.open === 'function' &&","                    'browser';","            } catch (errorCaughtBrowser) {","                return module.exports &&","                    typeof process.versions.node === 'string' &&","                    typeof require('http').createServer === 'function' &&","                    'node';","            }","        }());","        // init global","        local.global = local.modeJs === 'browser'","            ? window","            : global;","        switch (local.modeJs) {","        // re-init local from window.local","        case 'browser':","            local = local.global.utility2.objectSetDefault(","                local.global.utility2_rollup || local.global.local,","                local.global.utility2","            );","            break;","        // re-init local from example.js","        case 'node':","            local = (local.global.utility2_rollup || require('utility2'))","                .requireReadme();","            break;","        }","        // export local","        local.global.local = local;","    }());","","","","    // run shared js-env code - function","    (function () {","        return;","    }());","    switch (local.modeJs) {","","","","    // run browser js-env code - function","    case 'browser':","        break;","","","","    // run node js-env code - function","    case 'node':","        break;","    }","","","","    // run shared js-env code - post-init","    (function () {","        return;","    }());","    switch (local.modeJs) {","","","","    // run browser js-env code - post-init","    case 'browser':","        local.testCase_browser_nullCase = local.testCase_browser_nullCase || function (","            options,","            onError","        ) {","        /*","         * this function will test browsers's null-case handling-behavior-behavior","         */","            onError(null, options);","        };","","        // run tests","        local.nop(local.modeTest &&","            document.querySelector('#testRunButton1') &&","            document.querySelector('#testRunButton1').click());","        break;","","","","    // run node js-env code - post-init","    /* istanbul ignore next */","    case 'node':","        local.testCase_buildApidoc_default = local.testCase_buildApidoc_default || function (","            options,","            onError","        ) {","        /*","         * this function will test buildApidoc's default handling-behavior-behavior","         */","            options = { modulePathList: module.paths };","            local.buildApidoc(options, onError);","        };","","        local.testCase_buildApp_default = local.testCase_buildApp_default || function (","            options,","            onError","        ) {","        /*","         * this function will test buildApp's default handling-behavior-behavior","         */","            local.testCase_buildReadme_default(options, local.onErrorThrow);","            local.testCase_buildLib_default(options, local.onErrorThrow);","            local.testCase_buildTest_default(options, local.onErrorThrow);","            local.testCase_buildCustomOrg_default(options, local.onErrorThrow);","            options = [];","            local.buildApp(options, onError);","        };","","        local.testCase_buildCustomOrg_default = local.testCase_buildCustomOrg_default ||","            function (options, onError) {","            /*","             * this function will test buildCustomOrg's default handling-behavior","             */","                options = {};","                local.buildCustomOrg(options, onError);","            };","","        local.testCase_buildLib_default = local.testCase_buildLib_default || function (","            options,","            onError","        ) {","        /*","         * this function will test buildLib's default handling-behavior","         */","            options = {};","            local.buildLib(options, onError);","        };","","        local.testCase_buildReadme_default = local.testCase_buildReadme_default || function (","            options,","            onError","        ) {","        /*","         * this function will test buildReadme's default handling-behavior-behavior","         */","            options = {};","            local.buildReadme(options, onError);","        };","","        local.testCase_buildTest_default = local.testCase_buildTest_default || function (","            options,","            onError","        ) {","        /*","         * this function will test buildTest's default handling-behavior","         */","            options = {};","            local.buildTest(options, onError);","        };","","        local.testCase_webpage_default = local.testCase_webpage_default || function (","            options,","            onError","        ) {","        /*","         * this function will test webpage's default handling-behavior","         */","            options = { modeCoverageMerge: true, url: local.serverLocalHost + '?modeTest=1' };","            local.browserTest(options, onError);","        };","","        // run test-server","        local.testRunServer(local);","        break;","    }","}());",""],"l":{"12":2,"14":2,"19":2,"21":2,"23":2,"24":2,"25":2,"30":1,"37":2,"40":2,"43":1,"47":1,"50":1,"52":1,"55":2,"61":2,"62":2,"64":2,"70":1,"76":1,"82":2,"83":2,"85":2,"91":1,"98":1,"102":1,"105":1,"112":1,"119":1,"120":1,"123":1,"130":1,"131":1,"132":1,"133":1,"134":1,"135":1,"138":1,"143":2,"144":2,"147":1,"154":2,"155":2,"158":1,"165":2,"166":2,"169":1,"176":2,"177":2,"180":1,"187":1,"188":1,"192":1,"193":1}},"/home/travis/build/npmtest/node-npmtest-asynquence/lib.npmtest_asynquence.js":{"path":"/home/travis/build/npmtest/node-npmtest-asynquence/lib.npmtest_asynquence.js","s":{"1":2,"2":2,"3":2,"4":2,"5":2,"6":2,"7":2,"8":1,"9":2,"10":2,"11":2,"12":2,"13":1,"14":1,"15":1,"16":1},"b":{"1":[2,1,1,1],"2":[1,1,1,1],"3":[1,1],"4":[2,2],"5":[1,1]},"f":{"1":2,"2":2,"3":2},"fnMap":{"1":{"name":"(anonymous_1)","line":12,"loc":{"start":{"line":12,"column":1},"end":{"line":12,"column":13}}},"2":{"name":"(anonymous_2)","line":19,"loc":{"start":{"line":19,"column":5},"end":{"line":19,"column":17}}},"3":{"name":"(anonymous_3)","line":23,"loc":{"start":{"line":23,"column":24},"end":{"line":23,"column":36}}}},"statementMap":{"1":{"start":{"line":12,"column":0},"end":{"line":53,"column":5}},"2":{"start":{"line":14,"column":4},"end":{"line":14,"column":14}},"3":{"start":{"line":19,"column":4},"end":{"line":52,"column":9}},"4":{"start":{"line":21,"column":8},"end":{"line":21,"column":19}},"5":{"start":{"line":23,"column":8},"end":{"line":35,"column":13}},"6":{"start":{"line":24,"column":12},"end":{"line":34,"column":13}},"7":{"start":{"line":25,"column":16},"end":{"line":28,"column":30}},"8":{"start":{"line":30,"column":16},"end":{"line":33,"column":27}},"9":{"start":{"line":37,"column":8},"end":{"line":39,"column":21}},"10":{"start":{"line":41,"column":8},"end":{"line":41,"column":54}},"11":{"start":{"line":43,"column":8},"end":{"line":43,"column":55}},"12":{"start":{"line":45,"column":8},"end":{"line":51,"column":9}},"13":{"start":{"line":46,"column":12},"end":{"line":46,"column":61}},"14":{"start":{"line":48,"column":12},"end":{"line":48,"column":35}},"15":{"start":{"line":49,"column":12},"end":{"line":49,"column":49}},"16":{"start":{"line":50,"column":12},"end":{"line":50,"column":43}}},"branchMap":{"1":{"line":25,"type":"binary-expr","locations":[{"start":{"line":25,"column":23},"end":{"line":25,"column":62}},{"start":{"line":26,"column":20},"end":{"line":26,"column":70}},{"start":{"line":27,"column":20},"end":{"line":27,"column":71}},{"start":{"line":28,"column":20},"end":{"line":28,"column":29}}]},"2":{"line":30,"type":"binary-expr","locations":[{"start":{"line":30,"column":23},"end":{"line":30,"column":37}},{"start":{"line":31,"column":20},"end":{"line":31,"column":61}},{"start":{"line":32,"column":20},"end":{"line":32,"column":70}},{"start":{"line":33,"column":20},"end":{"line":33,"column":26}}]},"3":{"line":37,"type":"cond-expr","locations":[{"start":{"line":38,"column":14},"end":{"line":38,"column":20}},{"start":{"line":39,"column":14},"end":{"line":39,"column":20}}]},"4":{"line":41,"type":"binary-expr","locations":[{"start":{"line":41,"column":16},"end":{"line":41,"column":44}},{"start":{"line":41,"column":48},"end":{"line":41,"column":53}}]},"5":{"line":45,"type":"if","locations":[{"start":{"line":45,"column":8},"end":{"line":45,"column":8}},{"start":{"line":45,"column":8},"end":{"line":45,"column":8}}]}},"code":["/* istanbul instrument in package npmtest_asynquence */","/*jslint","    bitwise: true,","    browser: true,","    maxerr: 8,","    maxlen: 96,","    node: true,","    nomen: true,","    regexp: true,","    stupid: true","*/","(function () {","    'use strict';","    var local;","","","","    // run shared js-env code - pre-init","    (function () {","        // init local","        local = {};","        // init modeJs","        local.modeJs = (function () {","            try {","                return typeof navigator.userAgent === 'string' &&","                    typeof document.querySelector('body') === 'object' &&","                    typeof XMLHttpRequest.prototype.open === 'function' &&","                    'browser';","            } catch (errorCaughtBrowser) {","                return module.exports &&","                    typeof process.versions.node === 'string' &&","                    typeof require('http').createServer === 'function' &&","                    'node';","            }","        }());","        // init global","        local.global = local.modeJs === 'browser'","            ? window","            : global;","        // init utility2_rollup","        local = local.global.utility2_rollup || local;","        // init lib","        local.local = local.npmtest_asynquence = local;","        // init exports","        if (local.modeJs === 'browser') {","            local.global.utility2_npmtest_asynquence = local;","        } else {","            module.exports = local;","            module.exports.__dirname = __dirname;","            module.exports.module = module;","        }","    }());","}());",""],"l":{"12":2,"14":2,"19":2,"21":2,"23":2,"24":2,"25":2,"30":1,"37":2,"41":2,"43":2,"45":2,"46":1,"48":1,"49":1,"50":1}},"/home/travis/build/npmtest/node-npmtest-asynquence/example.js":{"path":"/home/travis/build/npmtest/node-npmtest-asynquence/example.js","s":{"1":2,"2":2,"3":2,"4":2,"5":2,"6":2,"7":2,"8":1,"9":2,"10":2,"11":2,"12":2,"13":1,"14":2,"15":2,"16":2,"17":2,"18":2,"19":0,"20":2,"21":1,"22":1,"23":1,"24":1,"25":1,"26":0,"27":0,"28":1,"29":1,"30":2,"31":0,"32":0,"33":0,"34":1,"35":2,"36":2,"37":3,"38":3,"39":3,"40":3,"41":0,"42":3,"43":3,"44":3,"45":1,"46":3,"47":1,"48":1,"49":1,"50":1,"51":1,"52":1,"53":1,"54":1,"55":1,"56":1,"57":0,"58":1,"59":6,"60":6,"61":1,"62":2,"63":0,"64":2,"65":1,"66":1,"67":0,"68":0,"69":0,"70":0,"71":0,"72":0,"73":0,"74":0,"75":0,"76":0,"77":0,"78":0,"79":0,"80":0,"81":0,"82":0,"83":0},"b":{"1":[2,1,1,1],"2":[1,1,1,1],"3":[1,1],"4":[2,2],"5":[1,1],"6":[1,1],"7":[2,0],"8":[2,1,1,1,1,1],"9":[0,2,0],"10":[1,1],"11":[2,1,1],"12":[1,0],"13":[0,2],"14":[2,0,0,0,0,0,0],"15":[0,3],"16":[3,0],"17":[1,1],"18":[0,1],"19":[1,2,0,2],"20":[1,0],"21":[1,1],"22":[0,0],"23":[0,0],"24":[0,0],"25":[0,0],"26":[0,0],"27":[0,0],"28":[0,0]},"f":{"1":2,"2":2,"3":2,"4":2,"5":2,"6":2,"7":3,"8":3,"9":3,"10":1,"11":6,"12":0},"fnMap":{"1":{"name":"(anonymous_1)","line":26,"loc":{"start":{"line":26,"column":1},"end":{"line":26,"column":13}}},"2":{"name":"(anonymous_2)","line":33,"loc":{"start":{"line":33,"column":5},"end":{"line":33,"column":17}}},"3":{"name":"(anonymous_3)","line":37,"loc":{"start":{"line":37,"column":24},"end":{"line":37,"column":36}}},"4":{"name":"(anonymous_4)","line":69,"loc":{"start":{"line":69,"column":31},"end":{"line":69,"column":48}},"skip":true},"5":{"name":"(anonymous_5)","line":78,"loc":{"start":{"line":78,"column":26},"end":{"line":78,"column":45}},"skip":true},"6":{"name":"(anonymous_6)","line":123,"loc":{"start":{"line":123,"column":33},"end":{"line":123,"column":48}},"skip":true},"7":{"name":"(anonymous_7)","line":125,"loc":{"start":{"line":125,"column":27},"end":{"line":125,"column":39}},"skip":true},"8":{"name":"(anonymous_8)","line":133,"loc":{"start":{"line":133,"column":59},"end":{"line":133,"column":74}},"skip":true},"9":{"name":"(anonymous_9)","line":143,"loc":{"start":{"line":143,"column":45},"end":{"line":143,"column":62}},"skip":true},"10":{"name":"(anonymous_10)","line":144,"loc":{"start":{"line":144,"column":73},"end":{"line":144,"column":92}},"skip":true},"11":{"name":"(anonymous_11)","line":272,"loc":{"start":{"line":272,"column":51},"end":{"line":272,"column":77}},"skip":true},"12":{"name":"(anonymous_12)","line":315,"loc":{"start":{"line":315,"column":32},"end":{"line":315,"column":61}},"skip":true}},"statementMap":{"1":{"start":{"line":26,"column":0},"end":{"line":326,"column":5}},"2":{"start":{"line":28,"column":4},"end":{"line":28,"column":14}},"3":{"start":{"line":33,"column":4},"end":{"line":60,"column":9}},"4":{"start":{"line":35,"column":8},"end":{"line":35,"column":19}},"5":{"start":{"line":37,"column":8},"end":{"line":49,"column":13}},"6":{"start":{"line":38,"column":12},"end":{"line":48,"column":13}},"7":{"start":{"line":39,"column":16},"end":{"line":42,"column":30}},"8":{"start":{"line":44,"column":16},"end":{"line":47,"column":27}},"9":{"start":{"line":51,"column":8},"end":{"line":53,"column":21}},"10":{"start":{"line":55,"column":8},"end":{"line":57,"column":45}},"11":{"start":{"line":59,"column":8},"end":{"line":59,"column":35}},"12":{"start":{"line":61,"column":4},"end":{"line":325,"column":5}},"13":{"start":{"line":69,"column":8},"end":{"line":121,"column":10},"skip":true},"14":{"start":{"line":70,"column":12},"end":{"line":88,"column":13},"skip":true},"15":{"start":{"line":76,"column":16},"end":{"line":87,"column":19},"skip":true},"16":{"start":{"line":79,"column":20},"end":{"line":86,"column":21},"skip":true},"17":{"start":{"line":82,"column":24},"end":{"line":82,"column":43},"skip":true},"18":{"start":{"line":83,"column":24},"end":{"line":83,"column":30},"skip":true},"19":{"start":{"line":85,"column":24},"end":{"line":85,"column":49},"skip":true},"20":{"start":{"line":89,"column":12},"end":{"line":107,"column":13},"skip":true},"21":{"start":{"line":92,"column":16},"end":{"line":102,"column":17},"skip":true},"22":{"start":{"line":93,"column":20},"end":{"line":93,"column":86},"skip":true},"23":{"start":{"line":94,"column":20},"end":{"line":95,"column":45},"skip":true},"24":{"start":{"line":96,"column":20},"end":{"line":96,"column":42},"skip":true},"25":{"start":{"line":97,"column":20},"end":{"line":97,"column":48},"skip":true},"26":{"start":{"line":100,"column":20},"end":{"line":100,"column":85},"skip":true},"27":{"start":{"line":101,"column":20},"end":{"line":101,"column":96},"skip":true},"28":{"start":{"line":103,"column":16},"end":{"line":103,"column":22},"skip":true},"29":{"start":{"line":106,"column":16},"end":{"line":106,"column":22},"skip":true},"30":{"start":{"line":108,"column":12},"end":{"line":120,"column":13},"skip":true},"31":{"start":{"line":114,"column":16},"end":{"line":119,"column":17},"skip":true},"32":{"start":{"line":116,"column":20},"end":{"line":116,"column":78},"skip":true},"33":{"start":{"line":118,"column":20},"end":{"line":118,"column":47},"skip":true},"34":{"start":{"line":123,"column":8},"end":{"line":141,"column":11},"skip":true},"35":{"start":{"line":124,"column":12},"end":{"line":124,"column":54},"skip":true},"36":{"start":{"line":125,"column":12},"end":{"line":140,"column":14},"skip":true},"37":{"start":{"line":126,"column":16},"end":{"line":126,"column":28},"skip":true},"38":{"start":{"line":127,"column":16},"end":{"line":127,"column":69},"skip":true},"39":{"start":{"line":128,"column":16},"end":{"line":128,"column":75},"skip":true},"40":{"start":{"line":129,"column":16},"end":{"line":131,"column":17},"skip":true},"41":{"start":{"line":130,"column":20},"end":{"line":130,"column":27},"skip":true},"42":{"start":{"line":133,"column":16},"end":{"line":137,"column":36},"skip":true},"43":{"start":{"line":134,"column":20},"end":{"line":136,"column":55},"skip":true},"44":{"start":{"line":139,"column":16},"end":{"line":139,"column":57},"skip":true},"45":{"start":{"line":143,"column":8},"end":{"line":147,"column":11},"skip":true},"46":{"start":{"line":144,"column":12},"end":{"line":146,"column":15},"skip":true},"47":{"start":{"line":145,"column":16},"end":{"line":145,"column":70},"skip":true},"48":{"start":{"line":149,"column":8},"end":{"line":149,"column":31},"skip":true},"49":{"start":{"line":150,"column":8},"end":{"line":150,"column":14},"skip":true},"50":{"start":{"line":158,"column":8},"end":{"line":158,"column":31},"skip":true},"51":{"start":{"line":160,"column":8},"end":{"line":160,"column":33},"skip":true},"52":{"start":{"line":161,"column":8},"end":{"line":161,"column":37},"skip":true},"53":{"start":{"line":162,"column":8},"end":{"line":162,"column":35},"skip":true},"54":{"start":{"line":164,"column":8},"end":{"line":164,"column":50},"skip":true},"55":{"start":{"line":166,"column":8},"end":{"line":256,"column":2},"skip":true},"56":{"start":{"line":258,"column":8},"end":{"line":286,"column":9},"skip":true},"57":{"start":{"line":259,"column":12},"end":{"line":269,"column":14},"skip":true},"58":{"start":{"line":271,"column":12},"end":{"line":285,"column":19},"skip":true},"59":{"start":{"line":274,"column":20},"end":{"line":274,"column":35},"skip":true},"60":{"start":{"line":275,"column":20},"end":{"line":284,"column":21},"skip":true},"61":{"start":{"line":277,"column":24},"end":{"line":277,"column":64},"skip":true},"62":{"start":{"line":279,"column":24},"end":{"line":279,"column":40},"skip":true},"63":{"start":{"line":281,"column":24},"end":{"line":281,"column":40},"skip":true},"64":{"start":{"line":283,"column":24},"end":{"line":283,"column":39},"skip":true},"65":{"start":{"line":288,"column":8},"end":{"line":290,"column":9},"skip":true},"66":{"start":{"line":289,"column":12},"end":{"line":289,"column":18},"skip":true},"67":{"start":{"line":291,"column":8},"end":{"line":293,"column":54},"skip":true},"68":{"start":{"line":296,"column":8},"end":{"line":301,"column":37},"skip":true},"69":{"start":{"line":303,"column":8},"end":{"line":303,"column":82},"skip":true},"70":{"start":{"line":306,"column":8},"end":{"line":308,"column":9},"skip":true},"71":{"start":{"line":307,"column":12},"end":{"line":307,"column":82},"skip":true},"72":{"start":{"line":310,"column":8},"end":{"line":312,"column":9},"skip":true},"73":{"start":{"line":311,"column":12},"end":{"line":311,"column":18},"skip":true},"74":{"start":{"line":313,"column":8},"end":{"line":313,"column":54},"skip":true},"75":{"start":{"line":314,"column":8},"end":{"line":314,"column":69},"skip":true},"76":{"start":{"line":315,"column":8},"end":{"line":323,"column":36},"skip":true},"77":{"start":{"line":316,"column":12},"end":{"line":316,"column":61},"skip":true},"78":{"start":{"line":317,"column":12},"end":{"line":320,"column":13},"skip":true},"79":{"start":{"line":318,"column":16},"end":{"line":318,"column":75},"skip":true},"80":{"start":{"line":319,"column":16},"end":{"line":319,"column":23},"skip":true},"81":{"start":{"line":321,"column":12},"end":{"line":321,"column":38},"skip":true},"82":{"start":{"line":322,"column":12},"end":{"line":322,"column":27},"skip":true},"83":{"start":{"line":324,"column":8},"end":{"line":324,"column":14},"skip":true}},"branchMap":{"1":{"line":39,"type":"binary-expr","locations":[{"start":{"line":39,"column":23},"end":{"line":39,"column":62}},{"start":{"line":40,"column":20},"end":{"line":40,"column":70}},{"start":{"line":41,"column":20},"end":{"line":41,"column":71}},{"start":{"line":42,"column":20},"end":{"line":42,"column":29}}]},"2":{"line":44,"type":"binary-expr","locations":[{"start":{"line":44,"column":23},"end":{"line":44,"column":37}},{"start":{"line":45,"column":20},"end":{"line":45,"column":61}},{"start":{"line":46,"column":20},"end":{"line":46,"column":70}},{"start":{"line":47,"column":20},"end":{"line":47,"column":26}}]},"3":{"line":51,"type":"cond-expr","locations":[{"start":{"line":52,"column":14},"end":{"line":52,"column":20}},{"start":{"line":53,"column":14},"end":{"line":53,"column":20}}]},"4":{"line":55,"type":"binary-expr","locations":[{"start":{"line":55,"column":16},"end":{"line":55,"column":44}},{"start":{"line":55,"column":49},"end":{"line":57,"column":43}}]},"5":{"line":55,"type":"cond-expr","locations":[{"start":{"line":56,"column":14},"end":{"line":56,"column":54}},{"start":{"line":57,"column":14},"end":{"line":57,"column":43}}]},"6":{"line":61,"type":"switch","locations":[{"start":{"line":68,"column":4},"end":{"line":150,"column":14},"skip":true},{"start":{"line":156,"column":4},"end":{"line":324,"column":14},"skip":true}]},"7":{"line":70,"type":"if","locations":[{"start":{"line":70,"column":12},"end":{"line":70,"column":12},"skip":true},{"start":{"line":70,"column":12},"end":{"line":70,"column":12},"skip":true}]},"8":{"line":70,"type":"binary-expr","locations":[{"start":{"line":70,"column":16},"end":{"line":70,"column":22},"skip":true},{"start":{"line":70,"column":27},"end":{"line":70,"column":32},"skip":true},{"start":{"line":71,"column":20},"end":{"line":71,"column":39},"skip":true},{"start":{"line":72,"column":20},"end":{"line":72,"column":49},"skip":true},{"start":{"line":73,"column":20},"end":{"line":73,"column":58},"skip":true},{"start":{"line":74,"column":20},"end":{"line":74,"column":69},"skip":true}]},"9":{"line":79,"type":"switch","locations":[{"start":{"line":80,"column":20},"end":{"line":80,"column":33},"skip":true},{"start":{"line":81,"column":20},"end":{"line":83,"column":30},"skip":true},{"start":{"line":84,"column":20},"end":{"line":85,"column":49},"skip":true}]},"10":{"line":89,"type":"switch","locations":[{"start":{"line":90,"column":12},"end":{"line":103,"column":22},"skip":true},{"start":{"line":105,"column":12},"end":{"line":106,"column":22},"skip":true}]},"11":{"line":89,"type":"binary-expr","locations":[{"start":{"line":89,"column":20},"end":{"line":89,"column":25},"skip":true},{"start":{"line":89,"column":29},"end":{"line":89,"column":48},"skip":true},{"start":{"line":89,"column":52},"end":{"line":89,"column":74},"skip":true}]},"12":{"line":92,"type":"if","locations":[{"start":{"line":92,"column":16},"end":{"line":92,"column":16},"skip":true},{"start":{"line":92,"column":16},"end":{"line":92,"column":16},"skip":true}]},"13":{"line":108,"type":"if","locations":[{"start":{"line":108,"column":12},"end":{"line":108,"column":12},"skip":true},{"start":{"line":108,"column":12},"end":{"line":108,"column":12},"skip":true}]},"14":{"line":108,"type":"binary-expr","locations":[{"start":{"line":108,"column":16},"end":{"line":108,"column":61},"skip":true},{"start":{"line":108,"column":66},"end":{"line":108,"column":72},"skip":true},{"start":{"line":108,"column":77},"end":{"line":108,"column":82},"skip":true},{"start":{"line":109,"column":20},"end":{"line":109,"column":39},"skip":true},{"start":{"line":110,"column":20},"end":{"line":110,"column":49},"skip":true},{"start":{"line":111,"column":20},"end":{"line":111,"column":58},"skip":true},{"start":{"line":112,"column":20},"end":{"line":112,"column":68},"skip":true}]},"15":{"line":129,"type":"if","locations":[{"start":{"line":129,"column":16},"end":{"line":129,"column":16},"skip":true},{"start":{"line":129,"column":16},"end":{"line":129,"column":16},"skip":true}]},"16":{"line":134,"type":"cond-expr","locations":[{"start":{"line":135,"column":26},"end":{"line":135,"column":29},"skip":true},{"start":{"line":136,"column":26},"end":{"line":136,"column":54},"skip":true}]},"17":{"line":164,"type":"binary-expr","locations":[{"start":{"line":164,"column":27},"end":{"line":164,"column":43},"skip":true},{"start":{"line":164,"column":47},"end":{"line":164,"column":49},"skip":true}]},"18":{"line":258,"type":"if","locations":[{"start":{"line":258,"column":8},"end":{"line":258,"column":8},"skip":true},{"start":{"line":258,"column":8},"end":{"line":258,"column":8},"skip":true}]},"19":{"line":275,"type":"switch","locations":[{"start":{"line":276,"column":20},"end":{"line":277,"column":64},"skip":true},{"start":{"line":278,"column":20},"end":{"line":279,"column":40},"skip":true},{"start":{"line":280,"column":20},"end":{"line":281,"column":40},"skip":true},{"start":{"line":282,"column":20},"end":{"line":283,"column":39},"skip":true}]},"20":{"line":288,"type":"if","locations":[{"start":{"line":288,"column":8},"end":{"line":288,"column":8},"skip":true},{"start":{"line":288,"column":8},"end":{"line":288,"column":8},"skip":true}]},"21":{"line":288,"type":"binary-expr","locations":[{"start":{"line":288,"column":12},"end":{"line":288,"column":40},"skip":true},{"start":{"line":288,"column":44},"end":{"line":288,"column":67},"skip":true}]},"22":{"line":292,"type":"binary-expr","locations":[{"start":{"line":292,"column":12},"end":{"line":292,"column":50},"skip":true},{"start":{"line":293,"column":12},"end":{"line":293,"column":53},"skip":true}]},"23":{"line":297,"type":"binary-expr","locations":[{"start":{"line":297,"column":12},"end":{"line":297,"column":68},"skip":true},{"start":{"line":298,"column":12},"end":{"line":301,"column":36},"skip":true}]},"24":{"line":303,"type":"binary-expr","locations":[{"start":{"line":303,"column":43},"end":{"line":303,"column":75},"skip":true},{"start":{"line":303,"column":79},"end":{"line":303,"column":81},"skip":true}]},"25":{"line":306,"type":"if","locations":[{"start":{"line":306,"column":8},"end":{"line":306,"column":8},"skip":true},{"start":{"line":306,"column":8},"end":{"line":306,"column":8},"skip":true}]},"26":{"line":310,"type":"if","locations":[{"start":{"line":310,"column":8},"end":{"line":310,"column":8},"skip":true},{"start":{"line":310,"column":8},"end":{"line":310,"column":8},"skip":true}]},"27":{"line":313,"type":"binary-expr","locations":[{"start":{"line":313,"column":27},"end":{"line":313,"column":43},"skip":true},{"start":{"line":313,"column":47},"end":{"line":313,"column":53},"skip":true}]},"28":{"line":317,"type":"if","locations":[{"start":{"line":317,"column":12},"end":{"line":317,"column":12},"skip":true},{"start":{"line":317,"column":12},"end":{"line":317,"column":12},"skip":true}]}},"code":["/*","example.js","","quickstart example","","instruction","    1. save this script as example.js","    2. run the shell command:","        $ npm install npmtest-asynquence && PORT=8081 node example.js","    3. play with the browser-demo on http://127.0.0.1:8081","*/","","","","/* istanbul instrument in package npmtest_asynquence */","/*jslint","    bitwise: true,","    browser: true,","    maxerr: 8,","    maxlen: 96,","    node: true,","    nomen: true,","    regexp: true,","    stupid: true","*/","(function () {","    'use strict';","    var local;","","","","    // run shared js-env code - pre-init","    (function () {","        // init local","        local = {};","        // init modeJs","        local.modeJs = (function () {","            try {","                return typeof navigator.userAgent === 'string' &&","                    typeof document.querySelector('body') === 'object' &&","                    typeof XMLHttpRequest.prototype.open === 'function' &&","                    'browser';","            } catch (errorCaughtBrowser) {","                return module.exports &&","                    typeof process.versions.node === 'string' &&","                    typeof require('http').createServer === 'function' &&","                    'node';","            }","        }());","        // init global","        local.global = local.modeJs === 'browser'","            ? window","            : global;","        // init utility2_rollup","        local = local.global.utility2_rollup || (local.modeJs === 'browser'","            ? local.global.utility2_npmtest_asynquence","            : global.utility2_moduleExports);","        // export local","        local.global.local = local;","    }());","    switch (local.modeJs) {","","","","    // post-init","    // run browser js-env code - post-init","    /* istanbul ignore next */","    case 'browser':","        local.testRunBrowser = function (event) {","            if (!event || (event &&","                    event.currentTarget &&","                    event.currentTarget.className &&","                    event.currentTarget.className.includes &&","                    event.currentTarget.className.includes('onreset'))) {","                // reset output","                Array.from(","                    document.querySelectorAll('body > .resettable')","                ).forEach(function (element) {","                    switch (element.tagName) {","                    case 'INPUT':","                    case 'TEXTAREA':","                        element.value = '';","                        break;","                    default:","                        element.textContent = '';","                    }","                });","            }","            switch (event && event.currentTarget && event.currentTarget.id) {","            case 'testRunButton1':","                // show tests","                if (document.querySelector('#testReportDiv1').style.display === 'none') {","                    document.querySelector('#testReportDiv1').style.display = 'block';","                    document.querySelector('#testRunButton1').textContent =","                        'hide internal test';","                    local.modeTest = true;","                    local.testRunDefault(local);","                // hide tests","                } else {","                    document.querySelector('#testReportDiv1').style.display = 'none';","                    document.querySelector('#testRunButton1').textContent = 'run internal test';","                }","                break;","            // custom-case","            default:","                break;","            }","            if (document.querySelector('#inputTextareaEval1') && (!event || (event &&","                    event.currentTarget &&","                    event.currentTarget.className &&","                    event.currentTarget.className.includes &&","                    event.currentTarget.className.includes('oneval')))) {","                // try to eval input-code","                try {","                    /*jslint evil: true*/","                    eval(document.querySelector('#inputTextareaEval1').value);","                } catch (errorCaught) {","                    console.error(errorCaught);","                }","            }","        };","        // log stderr and stdout to #outputTextareaStdout1","        ['error', 'log'].forEach(function (key) {","            console[key + '_original'] = console[key];","            console[key] = function () {","                var element;","                console[key + '_original'].apply(console, arguments);","                element = document.querySelector('#outputTextareaStdout1');","                if (!element) {","                    return;","                }","                // append text to #outputTextareaStdout1","                element.value += Array.from(arguments).map(function (arg) {","                    return typeof arg === 'string'","                        ? arg","                        : JSON.stringify(arg, null, 4);","                }).join(' ') + '\\n';","                // scroll textarea to bottom","                element.scrollTop = element.scrollHeight;","            };","        });","        // init event-handling","        ['change', 'click', 'keyup'].forEach(function (event) {","            Array.from(document.querySelectorAll('.on' + event)).forEach(function (element) {","                element.addEventListener(event, local.testRunBrowser);","            });","        });","        // run tests","        local.testRunBrowser();","        break;","","","","    // run node js-env code - post-init","    /* istanbul ignore next */","    case 'node':","        // export local","        module.exports = local;","        // require modules","        local.fs = require('fs');","        local.http = require('http');","        local.url = require('url');","        // init assets","        local.assetsDict = local.assetsDict || {};","        /* jslint-ignore-begin */","        local.assetsDict['/assets.index.template.html'] = '\\","<!doctype html>\\n\\","<html lang=\"en\">\\n\\","<head>\\n\\","<meta charset=\"UTF-8\">\\n\\","<meta name=\"viewport\" content=\"width=device-width, initial-scale=1\">\\n\\","<title>{{env.npm_package_name}} (v{{env.npm_package_version}})</title>\\n\\","<style>\\n\\","/*csslint\\n\\","    box-sizing: false,\\n\\","    universal-selector: false\\n\\","*/\\n\\","* {\\n\\","    box-sizing: border-box;\\n\\","}\\n\\","body {\\n\\","    background: #dde;\\n\\","    font-family: Arial, Helvetica, sans-serif;\\n\\","    margin: 2rem;\\n\\","}\\n\\","body > * {\\n\\","    margin-bottom: 1rem;\\n\\","}\\n\\",".utility2FooterDiv {\\n\\","    margin-top: 20px;\\n\\","    text-align: center;\\n\\","}\\n\\","</style>\\n\\","<style>\\n\\","/*csslint\\n\\","*/\\n\\","textarea {\\n\\","    font-family: monospace;\\n\\","    height: 10rem;\\n\\","    width: 100%;\\n\\","}\\n\\","textarea[readonly] {\\n\\","    background: #ddd;\\n\\","}\\n\\","</style>\\n\\","</head>\\n\\","<body>\\n\\","<!-- utility2-comment\\n\\","<div id=\"ajaxProgressDiv1\" style=\"background: #d00; height: 2px; left: 0; margin: 0; padding: 0; position: fixed; top: 0; transition: background 0.5s, width 1.5s; width: 25%;\"></div>\\n\\","utility2-comment -->\\n\\","<h1>\\n\\","<!-- utility2-comment\\n\\","    <a\\n\\","        {{#if env.npm_package_homepage}}\\n\\","        href=\"{{env.npm_package_homepage}}\"\\n\\","        {{/if env.npm_package_homepage}}\\n\\","        target=\"_blank\"\\n\\","    >\\n\\","utility2-comment -->\\n\\","        {{env.npm_package_name}} (v{{env.npm_package_version}})\\n\\","<!-- utility2-comment\\n\\","    </a>\\n\\","utility2-comment -->\\n\\","</h1>\\n\\","<h3>{{env.npm_package_description}}</h3>\\n\\","<!-- utility2-comment\\n\\","<h4><a download href=\"assets.app.js\">download standalone app</a></h4>\\n\\","<button class=\"onclick onreset\" id=\"testRunButton1\">run internal test</button><br>\\n\\","<div id=\"testReportDiv1\" style=\"display: none;\"></div>\\n\\","utility2-comment -->\\n\\","\\n\\","\\n\\","\\n\\","<label>stderr and stdout</label>\\n\\","<textarea class=\"resettable\" id=\"outputTextareaStdout1\" readonly></textarea>\\n\\","<!-- utility2-comment\\n\\","{{#if isRollup}}\\n\\","<script src=\"assets.app.js\"></script>\\n\\","{{#unless isRollup}}\\n\\","utility2-comment -->\\n\\","<script src=\"assets.utility2.rollup.js\"></script>\\n\\","<script src=\"jsonp.utility2._stateInit?callback=window.utility2._stateInit\"></script>\\n\\","<script src=\"assets.npmtest_asynquence.rollup.js\"></script>\\n\\","<script src=\"assets.example.js\"></script>\\n\\","<script src=\"assets.test.js\"></script>\\n\\","<!-- utility2-comment\\n\\","{{/if isRollup}}\\n\\","utility2-comment -->\\n\\","<div class=\"utility2FooterDiv\">\\n\\","    [ this app was created with\\n\\","    <a href=\"https://github.com/kaizhu256/node-utility2\" target=\"_blank\">utility2</a>\\n\\","    ]\\n\\","</div>\\n\\","</body>\\n\\","</html>\\n\\","';","        /* jslint-ignore-end */","        if (local.templateRender) {","            local.assetsDict['/'] = local.templateRender(","                local.assetsDict['/assets.index.template.html'],","                {","                    env: local.objectSetDefault(local.env, {","                        npm_package_description: 'the greatest app in the world!',","                        npm_package_name: 'my-app',","                        npm_package_nameAlias: 'my_app',","                        npm_package_version: '0.0.1'","                    })","                }","            );","        } else {","            local.assetsDict['/'] = local.assetsDict['/assets.index.template.html']","                .replace((/\\{\\{env\\.(\\w+?)\\}\\}/g), function (match0, match1) {","                    // jslint-hack","                    String(match0);","                    switch (match1) {","                    case 'npm_package_description':","                        return 'the greatest app in the world!';","                    case 'npm_package_name':","                        return 'my-app';","                    case 'npm_package_nameAlias':","                        return 'my_app';","                    case 'npm_package_version':","                        return '0.0.1';","                    }","                });","        }","        // run the cli","        if (local.global.utility2_rollup || module !== require.main) {","            break;","        }","        local.assetsDict['/assets.example.js'] =","            local.assetsDict['/assets.example.js'] ||","            local.fs.readFileSync(__filename, 'utf8');","        // bug-workaround - long $npm_package_buildCustomOrg","        /* jslint-ignore-begin */","        local.assetsDict['/assets.npmtest_asynquence.rollup.js'] =","            local.assetsDict['/assets.npmtest_asynquence.rollup.js'] ||","            local.fs.readFileSync(","                local.npmtest_asynquence.__dirname + '/lib.npmtest_asynquence.js',","                'utf8'","            ).replace((/^#!/), '//');","        /* jslint-ignore-end */","        local.assetsDict['/favicon.ico'] = local.assetsDict['/favicon.ico'] || '';","        // if $npm_config_timeout_exit exists,","        // then exit this process after $npm_config_timeout_exit ms","        if (Number(process.env.npm_config_timeout_exit)) {","            setTimeout(process.exit, Number(process.env.npm_config_timeout_exit));","        }","        // start server","        if (local.global.utility2_serverHttp1) {","            break;","        }","        process.env.PORT = process.env.PORT || '8081';","        console.error('server starting on port ' + process.env.PORT);","        local.http.createServer(function (request, response) {","            request.urlParsed = local.url.parse(request.url);","            if (local.assetsDict[request.urlParsed.pathname] !== undefined) {","                response.end(local.assetsDict[request.urlParsed.pathname]);","                return;","            }","            response.statusCode = 404;","            response.end();","        }).listen(process.env.PORT);","        break;","    }","}());",""],"l":{"26":2,"28":2,"33":2,"35":2,"37":2,"38":2,"39":2,"44":1,"51":2,"55":2,"59":2,"61":2,"69":1,"70":2,"76":2,"79":2,"82":2,"83":2,"85":1,"89":2,"92":1,"93":1,"94":1,"96":1,"97":1,"100":1,"101":1,"103":1,"106":1,"108":2,"114":1,"116":1,"118":1,"123":1,"124":2,"125":2,"126":3,"127":3,"128":3,"129":3,"130":1,"133":3,"134":3,"139":3,"143":1,"144":3,"145":1,"149":1,"150":1,"158":1,"160":1,"161":1,"162":1,"164":1,"166":1,"258":1,"259":1,"271":1,"274":6,"275":6,"277":1,"279":2,"281":1,"283":2,"288":1,"289":1,"291":1,"296":1,"303":1,"306":1,"307":1,"310":1,"311":1,"313":1,"314":1,"315":1,"316":1,"317":1,"318":1,"319":1,"321":1,"322":1,"324":1}},"/home/travis/build/npmtest/node-npmtest-asynquence/node_modules/asynquence/asq.src.js":{"path":"/home/travis/build/npmtest/node-npmtest-asynquence/node_modules/asynquence/asq.src.js","s":{"1":1,"2":1,"3":0,"4":1,"5":1,"6":0,"7":1,"8":0,"9":1,"10":1,"11":1,"12":0,"13":0,"14":1,"15":0,"16":0,"17":0,"18":0,"19":0,"20":0,"21":0,"22":0,"23":0,"24":0,"25":0,"26":1,"27":1,"28":0,"29":0,"30":0,"31":1,"32":1,"33":0,"34":0,"35":0,"36":0,"37":0,"38":0,"39":0,"40":0,"41":0,"42":0,"43":0,"44":1,"45":1,"46":0,"47":0,"48":0,"49":0,"50":1,"51":0,"52":1,"53":0,"54":0,"55":0,"56":0,"57":0,"58":0,"59":0,"60":0,"61":0,"62":0,"63":0,"64":0,"65":0,"66":0,"67":0,"68":0,"69":0,"70":0,"71":0,"72":0,"73":0,"74":0,"75":0,"76":0,"77":0,"78":0,"79":0,"80":0,"81":0,"82":0,"83":0,"84":0,"85":0,"86":0,"87":0,"88":0,"89":1,"90":1,"91":0,"92":0,"93":0,"94":0,"95":0,"96":0,"97":0,"98":0,"99":0,"100":0,"101":0,"102":0,"103":0,"104":0,"105":0,"106":0,"107":0,"108":0,"109":0,"110":0,"111":0,"112":0,"113":0,"114":0,"115":0,"116":0,"117":0,"118":1,"119":1,"120":0,"121":0,"122":1,"123":0,"124":0,"125":0,"126":0,"127":1,"128":0,"129":0,"130":0,"131":0,"132":0,"133":0,"134":0,"135":0,"136":0,"137":0,"138":0,"139":0,"140":0,"141":0,"142":0,"143":0,"144":1,"145":0,"146":0,"147":0,"148":0,"149":0,"150":0,"151":0,"152":0,"153":1,"154":1,"155":0,"156":0,"157":0,"158":0,"159":0,"160":0,"161":0,"162":0,"163":0,"164":0,"165":0,"166":0,"167":0,"168":0,"169":0,"170":0,"171":0,"172":0,"173":0,"174":0,"175":0,"176":0,"177":0,"178":0,"179":0,"180":0,"181":0,"182":0,"183":0,"184":0,"185":0,"186":0,"187":0,"188":0,"189":0,"190":0,"191":0,"192":0,"193":0,"194":1,"195":0,"196":0,"197":0,"198":0,"199":0,"200":0,"201":0,"202":0,"203":1,"204":0,"205":0,"206":0,"207":0,"208":0,"209":1,"210":0,"211":0,"212":0,"213":0,"214":0,"215":0,"216":0,"217":0,"218":0,"219":0,"220":0,"221":0,"222":0,"223":0,"224":1,"225":0,"226":0,"227":0,"228":0,"229":0,"230":0,"231":0,"232":1,"233":0,"234":0,"235":0,"236":0,"237":0,"238":0,"239":0,"240":0,"241":0,"242":0,"243":0,"244":0,"245":1,"246":0,"247":0,"248":0,"249":0,"250":0,"251":0,"252":0,"253":0,"254":0,"255":1,"256":1,"257":0,"258":0,"259":0,"260":0,"261":0,"262":0,"263":0,"264":0,"265":0,"266":0,"267":0,"268":1,"269":0,"270":0,"271":0,"272":0,"273":0,"274":0,"275":0,"276":0,"277":0,"278":0,"279":0,"280":0,"281":0,"282":0,"283":0,"284":0,"285":1,"286":0,"287":0,"288":0,"289":0,"290":0,"291":1,"292":0,"293":0,"294":0,"295":0,"296":0,"297":1,"298":0,"299":0,"300":0,"301":0,"302":1,"303":0,"304":0,"305":1,"306":0,"307":0,"308":0,"309":0,"310":0,"311":0,"312":0,"313":0,"314":0,"315":0,"316":0,"317":0,"318":0,"319":0,"320":0,"321":0,"322":0,"323":0,"324":1,"325":0,"326":0,"327":0,"328":0,"329":0,"330":0,"331":0,"332":0,"333":0,"334":0,"335":0,"336":1,"337":0,"338":1,"339":0,"340":1,"341":0,"342":1,"343":0,"344":1,"345":0,"346":0,"347":0,"348":0,"349":0,"350":0,"351":0,"352":0,"353":0,"354":0,"355":0,"356":1,"357":1,"358":0,"359":0,"360":0,"361":1,"362":0,"363":0,"364":1,"365":0,"366":0,"367":1,"368":0,"369":1,"370":0,"371":1,"372":0,"373":0,"374":0,"375":1,"376":0,"377":0,"378":0,"379":1,"380":0,"381":1,"382":1,"383":1},"b":{"1":[0,1],"2":[1,0],"3":[1,0],"4":[1,1],"5":[1,0],"6":[0,0],"7":[0,0],"8":[0,0],"9":[0,0],"10":[0,0],"11":[0,0],"12":[0,0],"13":[0,0],"14":[0,0],"15":[0,0],"16":[0,0],"17":[0,0],"18":[0,0],"19":[0,0],"20":[0,0],"21":[0,0],"22":[0,0,0,0],"23":[0,0],"24":[0,0,0,0],"25":[0,0],"26":[0,0],"27":[0,0],"28":[0,0],"29":[0,0],"30":[0,0],"31":[0,0,0],"32":[0,0],"33":[0,0],"34":[0,0],"35":[0,0],"36":[0,0],"37":[0,0],"38":[0,0,0,0,0,0],"39":[0,0],"40":[0,0],"41":[0,0,0,0,0,0],"42":[0,0],"43":[0,0,0,0,0],"44":[0,0],"45":[0,0],"46":[0,0],"47":[0,0],"48":[0,0],"49":[0,0],"50":[0,0,0],"51":[0,0],"52":[0,0],"53":[0,0],"54":[0,0],"55":[0,0,0],"56":[0,0],"57":[0,0],"58":[0,0],"59":[0,0],"60":[0,0,0],"61":[0,0],"62":[0,0],"63":[0,0],"64":[0,0,0],"65":[0,0],"66":[0,0],"67":[0,0],"68":[0,0,0],"69":[0,0],"70":[0,0],"71":[0,0],"72":[0,0],"73":[0,0],"74":[0,0],"75":[0,0],"76":[0,0,0,0,0,0,0],"77":[0,0],"78":[0,0],"79":[0,0],"80":[0,0],"81":[0,0],"82":[0,0,0],"83":[0,0],"84":[0,0],"85":[0,0,0],"86":[0,0],"87":[0,0],"88":[1,1],"89":[0,0],"90":[0,0],"91":[0,0],"92":[0,0]},"f":{"1":1,"2":1,"3":0,"4":1,"5":0,"6":0,"7":0,"8":0,"9":0,"10":0,"11":0,"12":0,"13":0,"14":0,"15":0,"16":0,"17":0,"18":0,"19":0,"20":0,"21":0,"22":0,"23":0,"24":0,"25":0,"26":0,"27":0,"28":0,"29":0,"30":0,"31":0,"32":0,"33":0,"34":0,"35":0,"36":0,"37":0,"38":0,"39":0,"40":0,"41":0,"42":0,"43":0,"44":0,"45":0,"46":0,"47":0,"48":0,"49":0,"50":0,"51":0,"52":0,"53":0,"54":0,"55":0,"56":0,"57":0,"58":0,"59":0,"60":0,"61":0,"62":0,"63":0,"64":0,"65":0,"66":0,"67":0,"68":0,"69":0,"70":0,"71":0,"72":0,"73":0,"74":0,"75":0,"76":0,"77":0,"78":0,"79":0,"80":0,"81":0,"82":0,"83":0,"84":0,"85":0},"fnMap":{"1":{"name":"UMD","line":6,"loc":{"start":{"line":6,"column":1},"end":{"line":6,"column":38}}},"2":{"name":"DEF","line":10,"loc":{"start":{"line":10,"column":14},"end":{"line":10,"column":40}}},"3":{"name":"$$timer","line":15,"loc":{"start":{"line":15,"column":3},"end":{"line":15,"column":24}}},"4":{"name":"Queue","line":20,"loc":{"start":{"line":20,"column":1},"end":{"line":20,"column":18}}},"5":{"name":"Item","line":23,"loc":{"start":{"line":23,"column":2},"end":{"line":23,"column":20}}},"6":{"name":"$$add","line":29,"loc":{"start":{"line":29,"column":8},"end":{"line":29,"column":27}}},"7":{"name":"$$drain","line":40,"loc":{"start":{"line":40,"column":10},"end":{"line":40,"column":29}}},"8":{"name":"schedule","line":54,"loc":{"start":{"line":54,"column":1},"end":{"line":54,"column":23}}},"9":{"name":"tapSequence","line":61,"loc":{"start":{"line":61,"column":1},"end":{"line":61,"column":27}}},"10":{"name":"trigger","line":65,"loc":{"start":{"line":65,"column":2},"end":{"line":65,"column":21}}},"11":{"name":"$$trigger$fail","line":70,"loc":{"start":{"line":70,"column":17},"end":{"line":70,"column":43}}},"12":{"name":"$$create$sequence","line":72,"loc":{"start":{"line":72,"column":28},"end":{"line":72,"column":60}}},"13":{"name":"$$val","line":83,"loc":{"start":{"line":83,"column":7},"end":{"line":83,"column":23}}},"14":{"name":"$$or","line":87,"loc":{"start":{"line":87,"column":6},"end":{"line":87,"column":21}}},"15":{"name":"$$create$sequence","line":93,"loc":{"start":{"line":93,"column":27},"end":{"line":93,"column":59}}},"16":{"name":"createSequence","line":101,"loc":{"start":{"line":101,"column":1},"end":{"line":101,"column":27}}},"17":{"name":"scheduleSequenceTick","line":103,"loc":{"start":{"line":103,"column":2},"end":{"line":103,"column":34}}},"18":{"name":"throwSequenceErrors","line":112,"loc":{"start":{"line":112,"column":2},"end":{"line":112,"column":33}}},"19":{"name":"sequenceTick","line":116,"loc":{"start":{"line":116,"column":2},"end":{"line":116,"column":26}}},"20":{"name":"createStepCompletion","line":177,"loc":{"start":{"line":177,"column":2},"end":{"line":177,"column":34}}},"21":{"name":"done","line":179,"loc":{"start":{"line":179,"column":3},"end":{"line":179,"column":19}}},"22":{"name":"$$step$fail","line":193,"loc":{"start":{"line":193,"column":15},"end":{"line":193,"column":37}}},"23":{"name":"$$step$abort","line":206,"loc":{"start":{"line":206,"column":16},"end":{"line":206,"column":39}}},"24":{"name":"$$step$errfcb","line":219,"loc":{"start":{"line":219,"column":17},"end":{"line":219,"column":44}}},"25":{"name":"createGate","line":233,"loc":{"start":{"line":233,"column":2},"end":{"line":233,"column":59}}},"26":{"name":"resetGate","line":235,"loc":{"start":{"line":235,"column":3},"end":{"line":235,"column":24}}},"27":{"name":"scheduleGateTick","line":241,"loc":{"start":{"line":241,"column":3},"end":{"line":241,"column":31}}},"28":{"name":"gateTick","line":251,"loc":{"start":{"line":251,"column":3},"end":{"line":251,"column":23}}},"29":{"name":"$$each","line":275,"loc":{"start":{"line":275,"column":14},"end":{"line":275,"column":35}}},"30":{"name":"checkGate","line":285,"loc":{"start":{"line":285,"column":3},"end":{"line":285,"column":24}}},"31":{"name":"$$some","line":292,"loc":{"start":{"line":292,"column":28},"end":{"line":292,"column":51}}},"32":{"name":"createSegmentCompletion","line":302,"loc":{"start":{"line":302,"column":3},"end":{"line":302,"column":38}}},"33":{"name":"done","line":304,"loc":{"start":{"line":304,"column":4},"end":{"line":304,"column":20}}},"34":{"name":"$$segment$fail","line":326,"loc":{"start":{"line":326,"column":16},"end":{"line":326,"column":41}}},"35":{"name":"$$segment$abort","line":341,"loc":{"start":{"line":341,"column":17},"end":{"line":341,"column":43}}},"36":{"name":"$$segment$errfcb","line":355,"loc":{"start":{"line":355,"column":18},"end":{"line":355,"column":48}}},"37":{"name":"$$some","line":384,"loc":{"start":{"line":384,"column":17},"end":{"line":384,"column":37}}},"38":{"name":"then","line":411,"loc":{"start":{"line":411,"column":2},"end":{"line":411,"column":18}}},"39":{"name":"$$each","line":417,"loc":{"start":{"line":417,"column":12},"end":{"line":417,"column":30}}},"40":{"name":"or","line":431,"loc":{"start":{"line":431,"column":2},"end":{"line":431,"column":16}}},"41":{"name":"gate","line":443,"loc":{"start":{"line":443,"column":2},"end":{"line":443,"column":18}}},"42":{"name":"$$map","line":450,"loc":{"start":{"line":450,"column":8},"end":{"line":450,"column":25}}},"43":{"name":"$$segment","line":457,"loc":{"start":{"line":457,"column":12},"end":{"line":457,"column":37}}},"44":{"name":"$$then","line":464,"loc":{"start":{"line":464,"column":8},"end":{"line":464,"column":29}}},"45":{"name":"pipe","line":472,"loc":{"start":{"line":472,"column":2},"end":{"line":472,"column":18}}},"46":{"name":"$$each","line":478,"loc":{"start":{"line":478,"column":12},"end":{"line":478,"column":36}}},"47":{"name":"$$then","line":479,"loc":{"start":{"line":479,"column":9},"end":{"line":479,"column":30}}},"48":{"name":"seq","line":489,"loc":{"start":{"line":489,"column":2},"end":{"line":489,"column":17}}},"49":{"name":"$$each","line":495,"loc":{"start":{"line":495,"column":12},"end":{"line":495,"column":30}}},"50":{"name":"$$then","line":503,"loc":{"start":{"line":503,"column":9},"end":{"line":503,"column":30}}},"51":{"name":"val","line":519,"loc":{"start":{"line":519,"column":2},"end":{"line":519,"column":17}}},"52":{"name":"$$each","line":527,"loc":{"start":{"line":527,"column":12},"end":{"line":527,"column":31}}},"53":{"name":"$$then","line":528,"loc":{"start":{"line":528,"column":9},"end":{"line":528,"column":30}}},"54":{"name":"promise","line":540,"loc":{"start":{"line":540,"column":2},"end":{"line":540,"column":21}}},"55":{"name":"wrap","line":541,"loc":{"start":{"line":541,"column":3},"end":{"line":541,"column":21}}},"56":{"name":"$$fn","line":542,"loc":{"start":{"line":542,"column":11},"end":{"line":542,"column":26}}},"57":{"name":"$$each","line":552,"loc":{"start":{"line":552,"column":12},"end":{"line":552,"column":31}}},"58":{"name":"$$then","line":553,"loc":{"start":{"line":553,"column":9},"end":{"line":553,"column":30}}},"59":{"name":"fork","line":572,"loc":{"start":{"line":572,"column":2},"end":{"line":572,"column":18}}},"60":{"name":"$$val","line":576,"loc":{"start":{"line":576,"column":7},"end":{"line":576,"column":23}}},"61":{"name":"$$or","line":586,"loc":{"start":{"line":586,"column":6},"end":{"line":586,"column":21}}},"62":{"name":"$$then","line":592,"loc":{"start":{"line":592,"column":37},"end":{"line":592,"column":58}}},"63":{"name":"$$then","line":602,"loc":{"start":{"line":602,"column":9},"end":{"line":602,"column":30}}},"64":{"name":"abort","line":613,"loc":{"start":{"line":613,"column":2},"end":{"line":613,"column":19}}},"65":{"name":"duplicate","line":625,"loc":{"start":{"line":625,"column":2},"end":{"line":625,"column":23}}},"66":{"name":"unpause","line":638,"loc":{"start":{"line":638,"column":2},"end":{"line":638,"column":21}}},"67":{"name":"defer","line":645,"loc":{"start":{"line":645,"column":2},"end":{"line":645,"column":19}}},"68":{"name":"ignored","line":646,"loc":{"start":{"line":646,"column":17},"end":{"line":646,"column":35}}},"69":{"name":"internals","line":650,"loc":{"start":{"line":650,"column":2},"end":{"line":650,"column":33}}},"70":{"name":"includeExtensions","line":676,"loc":{"start":{"line":676,"column":2},"end":{"line":676,"column":31}}},"71":{"name":"$$each","line":678,"loc":{"start":{"line":678,"column":12},"end":{"line":678,"column":33}}},"72":{"name":"brandIt","line":743,"loc":{"start":{"line":743,"column":1},"end":{"line":743,"column":23}}},"73":{"name":"checkBranding","line":750,"loc":{"start":{"line":750,"column":1},"end":{"line":750,"column":29}}},"74":{"name":"valWrapper","line":759,"loc":{"start":{"line":759,"column":1},"end":{"line":759,"column":30}}},"75":{"name":"thenWrapper","line":768,"loc":{"start":{"line":768,"column":1},"end":{"line":768,"column":31}}},"76":{"name":"wrapArgs","line":781,"loc":{"start":{"line":781,"column":1},"end":{"line":781,"column":33}}},"77":{"name":"$$public$failed","line":836,"loc":{"start":{"line":836,"column":25},"end":{"line":836,"column":52}}},"78":{"name":"$$failed","line":838,"loc":{"start":{"line":838,"column":24},"end":{"line":838,"column":43}}},"79":{"name":"$$public$extend","line":841,"loc":{"start":{"line":841,"column":25},"end":{"line":841,"column":62}}},"80":{"name":"$$public$messages","line":847,"loc":{"start":{"line":847,"column":41},"end":{"line":847,"column":70}}},"81":{"name":"$$public$isSequence","line":853,"loc":{"start":{"line":853,"column":42},"end":{"line":853,"column":76}}},"82":{"name":"$$public$isMessageWrapper","line":857,"loc":{"start":{"line":857,"column":54},"end":{"line":857,"column":94}}},"83":{"name":"$$public$unpause","line":861,"loc":{"start":{"line":861,"column":26},"end":{"line":861,"column":56}}},"84":{"name":"$$public$noConflict","line":866,"loc":{"start":{"line":866,"column":29},"end":{"line":866,"column":60}}},"85":{"name":"$$public$clone","line":875,"loc":{"start":{"line":875,"column":24},"end":{"line":875,"column":50}}}},"statementMap":{"1":{"start":{"line":6,"column":0},"end":{"line":884,"column":3}},"2":{"start":{"line":7,"column":1},"end":{"line":9,"column":51}},"3":{"start":{"line":7,"column":51},"end":{"line":7,"column":70}},"4":{"start":{"line":8,"column":6},"end":{"line":9,"column":51}},"5":{"start":{"line":8,"column":61},"end":{"line":8,"column":91}},"6":{"start":{"line":9,"column":8},"end":{"line":9,"column":49}},"7":{"start":{"line":13,"column":1},"end":{"line":17,"column":2}},"8":{"start":{"line":15,"column":26},"end":{"line":15,"column":50}},"9":{"start":{"line":20,"column":1},"end":{"line":50,"column":2}},"10":{"start":{"line":21,"column":2},"end":{"line":21,"column":24}},"11":{"start":{"line":23,"column":2},"end":{"line":26,"column":3}},"12":{"start":{"line":24,"column":3},"end":{"line":24,"column":16}},"13":{"start":{"line":25,"column":3},"end":{"line":25,"column":22}},"14":{"start":{"line":28,"column":2},"end":{"line":49,"column":4}},"15":{"start":{"line":30,"column":4},"end":{"line":30,"column":24}},"16":{"start":{"line":31,"column":4},"end":{"line":36,"column":5}},"17":{"start":{"line":32,"column":5},"end":{"line":32,"column":22}},"18":{"start":{"line":35,"column":5},"end":{"line":35,"column":18}},"19":{"start":{"line":37,"column":4},"end":{"line":37,"column":16}},"20":{"start":{"line":38,"column":4},"end":{"line":38,"column":18}},"21":{"start":{"line":41,"column":4},"end":{"line":41,"column":18}},"22":{"start":{"line":42,"column":4},"end":{"line":42,"column":32}},"23":{"start":{"line":44,"column":4},"end":{"line":47,"column":5}},"24":{"start":{"line":45,"column":5},"end":{"line":45,"column":12}},"25":{"start":{"line":46,"column":5},"end":{"line":46,"column":16}},"26":{"start":{"line":52,"column":1},"end":{"line":52,"column":28}},"27":{"start":{"line":54,"column":1},"end":{"line":59,"column":2}},"28":{"start":{"line":55,"column":2},"end":{"line":55,"column":27}},"29":{"start":{"line":56,"column":2},"end":{"line":58,"column":3}},"30":{"start":{"line":57,"column":3},"end":{"line":57,"column":41}},"31":{"start":{"line":61,"column":1},"end":{"line":99,"column":2}},"32":{"start":{"line":65,"column":2},"end":{"line":67,"column":3}},"33":{"start":{"line":66,"column":3},"end":{"line":66,"column":55}},"34":{"start":{"line":70,"column":2},"end":{"line":76,"column":4}},"35":{"start":{"line":71,"column":3},"end":{"line":71,"column":42}},"36":{"start":{"line":72,"column":3},"end":{"line":75,"column":12}},"37":{"start":{"line":73,"column":4},"end":{"line":73,"column":28}},"38":{"start":{"line":79,"column":2},"end":{"line":89,"column":5}},"39":{"start":{"line":84,"column":3},"end":{"line":84,"column":30}},"40":{"start":{"line":85,"column":3},"end":{"line":85,"column":41}},"41":{"start":{"line":88,"column":3},"end":{"line":88,"column":35}},"42":{"start":{"line":93,"column":2},"end":{"line":98,"column":11}},"43":{"start":{"line":96,"column":3},"end":{"line":96,"column":18}},"44":{"start":{"line":101,"column":1},"end":{"line":737,"column":2}},"45":{"start":{"line":103,"column":2},"end":{"line":110,"column":3}},"46":{"start":{"line":104,"column":3},"end":{"line":109,"column":4}},"47":{"start":{"line":105,"column":4},"end":{"line":105,"column":19}},"48":{"start":{"line":107,"column":8},"end":{"line":109,"column":4}},"49":{"start":{"line":108,"column":4},"end":{"line":108,"column":38}},"50":{"start":{"line":112,"column":2},"end":{"line":114,"column":3}},"51":{"start":{"line":113,"column":3},"end":{"line":113,"column":79}},"52":{"start":{"line":116,"column":2},"end":{"line":175,"column":3}},"53":{"start":{"line":117,"column":3},"end":{"line":117,"column":16}},"54":{"start":{"line":119,"column":3},"end":{"line":119,"column":19}},"55":{"start":{"line":121,"column":3},"end":{"line":121,"column":31}},"56":{"start":{"line":123,"column":3},"end":{"line":174,"column":4}},"57":{"start":{"line":124,"column":4},"end":{"line":124,"column":27}},"58":{"start":{"line":125,"column":4},"end":{"line":125,"column":20}},"59":{"start":{"line":126,"column":4},"end":{"line":126,"column":96}},"60":{"start":{"line":128,"column":8},"end":{"line":174,"column":4}},"61":{"start":{"line":129,"column":4},"end":{"line":132,"column":5}},"62":{"start":{"line":130,"column":5},"end":{"line":130,"column":27}},"63":{"start":{"line":131,"column":5},"end":{"line":131,"column":27}},"64":{"start":{"line":134,"column":4},"end":{"line":152,"column":5}},"65":{"start":{"line":135,"column":5},"end":{"line":135,"column":27}},"66":{"start":{"line":136,"column":5},"end":{"line":136,"column":27}},"67":{"start":{"line":137,"column":5},"end":{"line":151,"column":6}},"68":{"start":{"line":138,"column":6},"end":{"line":138,"column":34}},"69":{"start":{"line":141,"column":6},"end":{"line":147,"column":7}},"70":{"start":{"line":142,"column":7},"end":{"line":142,"column":53}},"71":{"start":{"line":145,"column":7},"end":{"line":145,"column":33}},"72":{"start":{"line":146,"column":7},"end":{"line":146,"column":58}},"73":{"start":{"line":146,"column":24},"end":{"line":146,"column":56}},"74":{"start":{"line":148,"column":6},"end":{"line":150,"column":7}},"75":{"start":{"line":149,"column":7},"end":{"line":149,"column":29}},"76":{"start":{"line":154,"column":8},"end":{"line":174,"column":4}},"77":{"start":{"line":155,"column":4},"end":{"line":155,"column":23}},"78":{"start":{"line":156,"column":4},"end":{"line":156,"column":28}},"79":{"start":{"line":157,"column":4},"end":{"line":157,"column":37}},"80":{"start":{"line":158,"column":4},"end":{"line":158,"column":33}},"81":{"start":{"line":159,"column":4},"end":{"line":159,"column":41}},"82":{"start":{"line":161,"column":4},"end":{"line":173,"column":5}},"83":{"start":{"line":162,"column":5},"end":{"line":162,"column":22}},"84":{"start":{"line":165,"column":5},"end":{"line":170,"column":6}},"85":{"start":{"line":166,"column":6},"end":{"line":166,"column":52}},"86":{"start":{"line":169,"column":6},"end":{"line":169,"column":32}},"87":{"start":{"line":171,"column":5},"end":{"line":171,"column":22}},"88":{"start":{"line":172,"column":5},"end":{"line":172,"column":28}},"89":{"start":{"line":177,"column":2},"end":{"line":231,"column":3}},"90":{"start":{"line":179,"column":3},"end":{"line":191,"column":4}},"91":{"start":{"line":181,"column":4},"end":{"line":183,"column":5}},"92":{"start":{"line":182,"column":5},"end":{"line":182,"column":12}},"93":{"start":{"line":185,"column":4},"end":{"line":185,"column":26}},"94":{"start":{"line":186,"column":4},"end":{"line":186,"column":22}},"95":{"start":{"line":187,"column":4},"end":{"line":187,"column":62}},"96":{"start":{"line":188,"column":4},"end":{"line":188,"column":31}},"97":{"start":{"line":190,"column":4},"end":{"line":190,"column":27}},"98":{"start":{"line":193,"column":3},"end":{"line":204,"column":5}},"99":{"start":{"line":195,"column":4},"end":{"line":197,"column":5}},"100":{"start":{"line":196,"column":5},"end":{"line":196,"column":12}},"101":{"start":{"line":199,"column":4},"end":{"line":199,"column":21}},"102":{"start":{"line":200,"column":4},"end":{"line":200,"column":33}},"103":{"start":{"line":201,"column":4},"end":{"line":201,"column":58}},"104":{"start":{"line":203,"column":4},"end":{"line":203,"column":27}},"105":{"start":{"line":206,"column":3},"end":{"line":216,"column":5}},"106":{"start":{"line":207,"column":4},"end":{"line":209,"column":5}},"107":{"start":{"line":208,"column":5},"end":{"line":208,"column":12}},"108":{"start":{"line":211,"column":4},"end":{"line":211,"column":23}},"109":{"start":{"line":212,"column":4},"end":{"line":212,"column":23}},"110":{"start":{"line":213,"column":4},"end":{"line":213,"column":58}},"111":{"start":{"line":215,"column":4},"end":{"line":215,"column":27}},"112":{"start":{"line":219,"column":3},"end":{"line":226,"column":5}},"113":{"start":{"line":220,"column":4},"end":{"line":225,"column":5}},"114":{"start":{"line":221,"column":5},"end":{"line":221,"column":20}},"115":{"start":{"line":224,"column":5},"end":{"line":224,"column":49}},"116":{"start":{"line":228,"column":3},"end":{"line":228,"column":30}},"117":{"start":{"line":230,"column":3},"end":{"line":230,"column":15}},"118":{"start":{"line":233,"column":2},"end":{"line":409,"column":3}},"119":{"start":{"line":235,"column":3},"end":{"line":239,"column":4}},"120":{"start":{"line":236,"column":4},"end":{"line":236,"column":28}},"121":{"start":{"line":237,"column":4},"end":{"line":238,"column":53}},"122":{"start":{"line":241,"column":3},"end":{"line":249,"column":4}},"123":{"start":{"line":242,"column":4},"end":{"line":244,"column":5}},"124":{"start":{"line":243,"column":5},"end":{"line":243,"column":23}},"125":{"start":{"line":246,"column":4},"end":{"line":248,"column":5}},"126":{"start":{"line":247,"column":5},"end":{"line":247,"column":36}},"127":{"start":{"line":251,"column":3},"end":{"line":283,"column":4}},"128":{"start":{"line":252,"column":4},"end":{"line":254,"column":5}},"129":{"start":{"line":253,"column":5},"end":{"line":253,"column":12}},"130":{"start":{"line":256,"column":4},"end":{"line":256,"column":18}},"131":{"start":{"line":258,"column":4},"end":{"line":258,"column":21}},"132":{"start":{"line":260,"column":4},"end":{"line":282,"column":5}},"133":{"start":{"line":261,"column":5},"end":{"line":261,"column":56}},"134":{"start":{"line":263,"column":5},"end":{"line":263,"column":17}},"135":{"start":{"line":265,"column":9},"end":{"line":282,"column":5}},"136":{"start":{"line":266,"column":5},"end":{"line":266,"column":28}},"137":{"start":{"line":268,"column":5},"end":{"line":268,"column":17}},"138":{"start":{"line":270,"column":9},"end":{"line":282,"column":5}},"139":{"start":{"line":271,"column":5},"end":{"line":271,"column":27}},"140":{"start":{"line":274,"column":5},"end":{"line":277,"column":8}},"141":{"start":{"line":276,"column":6},"end":{"line":276,"column":43}},"142":{"start":{"line":279,"column":5},"end":{"line":279,"column":34}},"143":{"start":{"line":281,"column":5},"end":{"line":281,"column":17}},"144":{"start":{"line":285,"column":3},"end":{"line":300,"column":4}},"145":{"start":{"line":286,"column":4},"end":{"line":288,"column":5}},"146":{"start":{"line":287,"column":5},"end":{"line":287,"column":12}},"147":{"start":{"line":290,"column":4},"end":{"line":290,"column":25}},"148":{"start":{"line":292,"column":4},"end":{"line":297,"column":7}},"149":{"start":{"line":293,"column":5},"end":{"line":296,"column":6}},"150":{"start":{"line":294,"column":6},"end":{"line":294,"column":24}},"151":{"start":{"line":295,"column":6},"end":{"line":295,"column":18}},"152":{"start":{"line":299,"column":4},"end":{"line":299,"column":21}},"153":{"start":{"line":302,"column":3},"end":{"line":368,"column":4}},"154":{"start":{"line":304,"column":4},"end":{"line":322,"column":5}},"155":{"start":{"line":306,"column":5},"end":{"line":311,"column":6}},"156":{"start":{"line":310,"column":6},"end":{"line":310,"column":13}},"157":{"start":{"line":315,"column":5},"end":{"line":315,"column":47}},"158":{"start":{"line":317,"column":5},"end":{"line":318,"column":39}},"159":{"start":{"line":319,"column":5},"end":{"line":319,"column":55}},"160":{"start":{"line":321,"column":5},"end":{"line":321,"column":24}},"161":{"start":{"line":324,"column":4},"end":{"line":324,"column":59}},"162":{"start":{"line":326,"column":4},"end":{"line":339,"column":6}},"163":{"start":{"line":328,"column":5},"end":{"line":333,"column":6}},"164":{"start":{"line":332,"column":6},"end":{"line":332,"column":13}},"165":{"start":{"line":335,"column":5},"end":{"line":335,"column":23}},"166":{"start":{"line":336,"column":5},"end":{"line":336,"column":57}},"167":{"start":{"line":338,"column":5},"end":{"line":338,"column":24}},"168":{"start":{"line":341,"column":4},"end":{"line":352,"column":6}},"169":{"start":{"line":342,"column":5},"end":{"line":346,"column":6}},"170":{"start":{"line":345,"column":6},"end":{"line":345,"column":13}},"171":{"start":{"line":348,"column":5},"end":{"line":348,"column":25}},"172":{"start":{"line":351,"column":5},"end":{"line":351,"column":16}},"173":{"start":{"line":355,"column":4},"end":{"line":362,"column":6}},"174":{"start":{"line":356,"column":5},"end":{"line":361,"column":6}},"175":{"start":{"line":357,"column":6},"end":{"line":357,"column":21}},"176":{"start":{"line":360,"column":6},"end":{"line":360,"column":50}},"177":{"start":{"line":365,"column":4},"end":{"line":365,"column":54}},"178":{"start":{"line":367,"column":4},"end":{"line":367,"column":16}},"179":{"start":{"line":370,"column":3},"end":{"line":382,"column":4}},"180":{"start":{"line":384,"column":3},"end":{"line":399,"column":6}},"181":{"start":{"line":385,"column":4},"end":{"line":387,"column":5}},"182":{"start":{"line":386,"column":5},"end":{"line":386,"column":17}},"183":{"start":{"line":389,"column":4},"end":{"line":389,"column":31}},"184":{"start":{"line":390,"column":4},"end":{"line":390,"column":44}},"185":{"start":{"line":391,"column":4},"end":{"line":398,"column":5}},"186":{"start":{"line":392,"column":5},"end":{"line":392,"column":23}},"187":{"start":{"line":395,"column":5},"end":{"line":395,"column":19}},"188":{"start":{"line":396,"column":5},"end":{"line":396,"column":23}},"189":{"start":{"line":397,"column":5},"end":{"line":397,"column":17}},"190":{"start":{"line":401,"column":3},"end":{"line":408,"column":4}},"191":{"start":{"line":402,"column":4},"end":{"line":407,"column":5}},"192":{"start":{"line":403,"column":5},"end":{"line":403,"column":42}},"193":{"start":{"line":406,"column":5},"end":{"line":406,"column":34}},"194":{"start":{"line":411,"column":2},"end":{"line":429,"column":3}},"195":{"start":{"line":412,"column":3},"end":{"line":414,"column":4}},"196":{"start":{"line":413,"column":4},"end":{"line":413,"column":24}},"197":{"start":{"line":416,"column":3},"end":{"line":424,"column":6}},"198":{"start":{"line":418,"column":4},"end":{"line":423,"column":5}},"199":{"start":{"line":419,"column":5},"end":{"line":419,"column":12}},"200":{"start":{"line":422,"column":5},"end":{"line":422,"column":24}},"201":{"start":{"line":426,"column":3},"end":{"line":426,"column":26}},"202":{"start":{"line":428,"column":3},"end":{"line":428,"column":23}},"203":{"start":{"line":431,"column":2},"end":{"line":441,"column":3}},"204":{"start":{"line":432,"column":3},"end":{"line":434,"column":4}},"205":{"start":{"line":433,"column":4},"end":{"line":433,"column":24}},"206":{"start":{"line":436,"column":3},"end":{"line":436,"column":43}},"207":{"start":{"line":438,"column":3},"end":{"line":438,"column":26}},"208":{"start":{"line":440,"column":3},"end":{"line":440,"column":23}},"209":{"start":{"line":443,"column":2},"end":{"line":470,"column":3}},"210":{"start":{"line":444,"column":3},"end":{"line":446,"column":4}},"211":{"start":{"line":445,"column":4},"end":{"line":445,"column":24}},"212":{"start":{"line":448,"column":3},"end":{"line":462,"column":6}},"213":{"start":{"line":451,"column":4},"end":{"line":451,"column":12}},"214":{"start":{"line":454,"column":4},"end":{"line":461,"column":18}},"215":{"start":{"line":455,"column":5},"end":{"line":455,"column":22}},"216":{"start":{"line":456,"column":5},"end":{"line":456,"column":22}},"217":{"start":{"line":457,"column":5},"end":{"line":459,"column":7}},"218":{"start":{"line":458,"column":6},"end":{"line":458,"column":25}},"219":{"start":{"line":461,"column":9},"end":{"line":461,"column":18}},"220":{"start":{"line":464,"column":3},"end":{"line":467,"column":6}},"221":{"start":{"line":465,"column":4},"end":{"line":465,"column":45}},"222":{"start":{"line":466,"column":4},"end":{"line":466,"column":30}},"223":{"start":{"line":469,"column":3},"end":{"line":469,"column":23}},"224":{"start":{"line":472,"column":2},"end":{"line":487,"column":3}},"225":{"start":{"line":473,"column":3},"end":{"line":475,"column":4}},"226":{"start":{"line":474,"column":4},"end":{"line":474,"column":24}},"227":{"start":{"line":477,"column":3},"end":{"line":484,"column":6}},"228":{"start":{"line":479,"column":4},"end":{"line":483,"column":22}},"229":{"start":{"line":480,"column":5},"
[...]
$errfcb(e){e?done.fail(e):done.apply(h,f.call(arguments,1))},d[e]=null,done}var a,i,o,s,p=!1,g=!1,$=!1,d=[],m={};t.some(function $$some(e){if(p||g)return!0;a=u.slice(),a.unshift(createSegmentCompletion());try{e.apply(h,a)}catch(n){return i=n,p=!0,!0}}),i&&(l(i)?e.fail.apply(h,i):e.fail(i))}function then(){return n||r||0===arguments.length?d:(wrapArgs(arguments,thenWrapper).forEach(function $$each(e){i(e)?seq(e):s.push(e)}),scheduleSequenceTick(),d)}function or(){return r||0===arguments.length?d:(p.push.apply(p,arguments),scheduleSequenceTick(),d)}function gate(){if(n||r||0===arguments.length)return d;var e=f.call(arguments).map(function $$map(e){var n;return i(e)?(n={seq:e},tapSequence(n),function $$segment(e){n.seq.pipe(e)}):e});return then(function $$then(n){var t=f.call(arguments,1);createGate(n,e,t)}),d}function pipe(){return r||0===arguments.length?d:(f.call(arguments).forEach(function $$each(e){then(function $$then(n){e.apply(h,f.call(arguments,1)),n()}).or(e.fail)}),d)}function seq(){return n||r||0===arguments.length?d:(f.call(arguments).forEach(function $$each(e){var n={seq:e};i(e)&&tapSequence(n),then(function $$then(e){var t=n.seq;i(t)||(t=n.seq.apply(h,f.call(arguments,1))),t.pipe(e)})}),d)}function val(){return n||r||0===arguments.length?d:(f.call(wrapArgs(arguments,valWrapper)).forEach(function $$each(e){then(function $$then(n){var t=e.apply(h,f.call(arguments,1));l(t)||(t=c(t)),n.apply(h,t)})}),d)}function promise(){function wrap(e){return function $$fn(){e.apply(h,l(arguments[0])?arguments[0]:arguments)}}return n||r||0===arguments.length?d:(f.call(arguments).forEach(function $$each(e){then(function $$then(n){var t=e;\"function\"==typeof e&&\"function\"!=typeof e.then&&(t=e.apply(h,f.call(arguments,1))),t.then(wrap(n),wrap(n.fail))})}),d)}function fork(){var e;return val(function $$val(){return e?e.apply(h,arguments):e=createSequence.apply(h,arguments).defer(),c.apply(h,arguments)}),or(function $$or(){if(e)e.fail.apply(h,arguments);else{var n=f.call(arguments);e=createSequence().then(function $$then(e){e.fail.apply(h,n)}).defer()}}),createSequence().then(function $$then(n){e?e.pipe(n):e=n}).defer()}function abort(){return n?d:(r=!0,sequenceTick(),d)}function duplicate(){var e;return a={then_queue:s.slice(),or_queue:p.slice()},e=createSequence(),a=null,e}function unpause(){g.push.apply(g,arguments),e===!0&&(e=null),scheduleSequenceTick()}function defer(){return p.push(function ignored(){}),d}function internals(e,t){var a=arguments.length>1;switch(e){case\"seq_error\":if(!a)return n;n=t;break;case\"seq_aborted\":if(!a)return r;r=t;break;case\"then_ready\":if(!a)return u;u=t;break;case\"then_queue\":return s;case\"or_queue\":return p;case\"sequence_messages\":return g;case\"sequence_errors\":return $}}function includeExtensions(){Object.keys(o).forEach(function $$each(e){d[e]=d[e]||o[e](d,internals)})}var e,n=!1,t=!1,r=!1,u=!0,s=[],p=[],g=[],$=[],d=brandIt({then:then,or:or,onerror:or,gate:gate,all:gate,pipe:pipe,seq:seq,val:val,promise:promise,fork:fork,abort:abort,duplicate:duplicate,defer:defer});return includeExtensions(),a&&(s=a.then_queue.slice(),p=a.or_queue.slice(),d.unpause=unpause,e=!0),d.then.apply(h,arguments),d}function brandIt(e){return Object.defineProperty(e,p,{enumerable:!1,value:!0})}function checkBranding(e){return!(null==e||\"object\"!=typeof e||!e[p])}function valWrapper(e){return c.apply(h,f.call(arguments).slice(1,e+1))}function thenWrapper(e){arguments[e+1].apply(h,f.call(arguments).slice(1,e+1))}function wrapArgs(e,n){var t,r;for(e=f.call(e),t=0;t<e.length;t++)if(l(e[t]))e[t]=n.bind.apply(n,[null,e[t].length].concat(e[t]));else if(\"function\"!=typeof e[t]&&(n===valWrapper||!i(e[t]))){for(r=t+1;r<e.length&&(\"function\"!=typeof e[r]&&!checkBranding(e[r]));r++);e.splice(t,r-t,n.bind.apply(n,[null,r-t].concat(e.slice(t,r))))}return e}var t,r,u=\"undefined\"!=typeof setImmediate?function $$timer(e){return setImmediate(e)}:setTimeout;r=Queue();var a,c,i,l,o={},s=(n||{})[e],f=[].slice,p=\"__ASQ__\",h=Object.create(null);return createSequence.failed=function $$public$failed(){var e=c.apply(h,arguments);return createSequence(function $$failed(){throw e}).defer()},createSequence.extend=function $$public$extend(e,n){return o[e]=n,createSequence},createSequence.messages=c=function $$public$messages(){var e=f.call(arguments);return brandIt(e)},createSequence.isSequence=i=function $$public$isSequence(e){return checkBranding(e)&&!Array.isArray(e)},createSequence.isMessageWrapper=l=function $$public$isMessageWrapper(e){return checkBranding(e)&&Array.isArray(e)},createSequence.unpause=function $$public$unpause(e){return e.unpause&&e.unpause(),e},createSequence.noConflict=function $$public$noConflict(){return n&&(n[e]=s),createSequence},createSequence.clone=function $$public$clone(){return DEF(e,n)},createSequence.__schedule=schedule,createSequence.__tapSequence=tapSequence,createSequence});",""],"l":{"5":1}},"/home/travis/build/npmtest/node-npmtest-asynquence/node_modules/asynquence/legacy.js":{"path":"/home/travis/build/npmtest/node-npmtest-asynquence/node_modules/asynquence/legacy.js","s":{"1":1,"2":0,"3":1,"4":0,"5":0,"6":1,"7":1,"8":1,"9":0,"10":0,"11":0,"12":1,"13":0,"14":0,"15":0,"16":0,"17":0,"18":0,"19":1,"20":0,"21":0,"22":0,"23":0,"24":0,"25":1,"26":0,"27":0,"28":1,"29":0,"30":0,"31":0,"32":0,"33":0,"34":0,"35":0,"36":1,"37":0,"38":0,"39":0,"40":0,"41":0,"42":0,"43":0,"44":0,"45":1,"46":0,"47":0,"48":0,"49":0,"50":0,"51":0,"52":0,"53":0,"54":0,"55":0,"56":0,"57":0,"58":0,"59":1,"60":0,"61":0,"62":0,"63":0,"64":0,"65":0,"66":0,"67":0,"68":0},"b":{"1":[0,1],"2":[0,1],"3":[0,0],"4":[0,1],"5":[0,0],"6":[0,0],"7":[0,1],"8":[0,1],"9":[0,0],"10":[0,0],"11":[0,1],"12":[0,0],"13":[0,0],"14":[0,0],"15":[0,1],"16":[0,0],"17":[0,0],"18":[0,0],"19":[0,0],"20":[0,0],"21":[0,1],"22":[0,0],"23":[0,0]},"f":{"1":0,"2":0,"3":1,"4":0,"5":0,"6":0,"7":0,"8":0,"9":0,"10":0,"11":0,"12":0,"13":0},"fnMap":{"1":{"name":"(anonymous_1)","line":2,"loc":{"start":{"line":2,"column":17},"end":{"line":2,"column":29}}},"2":{"name":"F","line":3,"loc":{"start":{"line":3,"column":2},"end":{"line":3,"column":14}}},"3":{"name":"(anonymous_3)","line":8,"loc":{"start":{"line":8,"column":1},"end":{"line":8,"column":11}}},"4":{"name":"(anonymous_4)","line":13,"loc":{"start":{"line":13,"column":26},"end":{"line":13,"column":50}}},"5":{"name":"(anonymous_5)","line":20,"loc":{"start":{"line":20,"column":15},"end":{"line":20,"column":28}}},"6":{"name":"(anonymous_6)","line":33,"loc":{"start":{"line":33,"column":27},"end":{"line":33,"column":43}}},"7":{"name":"(anonymous_7)","line":36,"loc":{"start":{"line":36,"column":10},"end":{"line":36,"column":20}}},"8":{"name":"(anonymous_8)","line":37,"loc":{"start":{"line":37,"column":12},"end":{"line":37,"column":22}}},"9":{"name":"(anonymous_9)","line":51,"loc":{"start":{"line":51,"column":17},"end":{"line":51,"column":31}}},"10":{"name":"(anonymous_10)","line":58,"loc":{"start":{"line":58,"column":27},"end":{"line":58,"column":40}}},"11":{"name":"(anonymous_11)","line":72,"loc":{"start":{"line":72,"column":24},"end":{"line":72,"column":37}}},"12":{"name":"(anonymous_12)","line":87,"loc":{"start":{"line":87,"column":27},"end":{"line":87,"column":61}}},"13":{"name":"(anonymous_13)","line":110,"loc":{"start":{"line":110,"column":23},"end":{"line":110,"column":36}}}},"statementMap":{"1":{"start":{"line":1,"column":0},"end":{"line":7,"column":1}},"2":{"start":{"line":2,"column":1},"end":{"line":6,"column":3}},"3":{"start":{"line":3,"column":2},"end":{"line":3,"column":16}},"4":{"start":{"line":4,"column":2},"end":{"line":4,"column":18}},"5":{"start":{"line":5,"column":2},"end":{"line":5,"column":17}},"6":{"start":{"line":8,"column":0},"end":{"line":18,"column":5}},"7":{"start":{"line":9,"column":1},"end":{"line":17,"column":2}},"8":{"start":{"line":10,"column":2},"end":{"line":10,"column":35}},"9":{"start":{"line":13,"column":2},"end":{"line":16,"column":4}},"10":{"start":{"line":14,"column":3},"end":{"line":14,"column":26}},"11":{"start":{"line":15,"column":3},"end":{"line":15,"column":14}},"12":{"start":{"line":19,"column":0},"end":{"line":29,"column":1}},"13":{"start":{"line":20,"column":1},"end":{"line":28,"column":3}},"14":{"start":{"line":21,"column":2},"end":{"line":21,"column":24}},"15":{"start":{"line":22,"column":2},"end":{"line":26,"column":3}},"16":{"start":{"line":23,"column":3},"end":{"line":25,"column":4}},"17":{"start":{"line":24,"column":4},"end":{"line":24,"column":22}},"18":{"start":{"line":27,"column":2},"end":{"line":27,"column":16}},"19":{"start":{"line":32,"column":0},"end":{"line":47,"column":1}},"20":{"start":{"line":33,"column":1},"end":{"line":46,"column":3}},"21":{"start":{"line":34,"column":2},"end":{"line":43,"column":3}},"22":{"start":{"line":38,"column":4},"end":{"line":41,"column":6}},"23":{"start":{"line":44,"column":2},"end":{"line":44,"column":51}},"24":{"start":{"line":45,"column":2},"end":{"line":45,"column":16}},"25":{"start":{"line":50,"column":0},"end":{"line":54,"column":1}},"26":{"start":{"line":51,"column":1},"end":{"line":53,"column":3}},"27":{"start":{"line":52,"column":2},"end":{"line":52,"column":66}},"28":{"start":{"line":57,"column":0},"end":{"line":68,"column":1}},"29":{"start":{"line":58,"column":1},"end":{"line":67,"column":3}},"30":{"start":{"line":59,"column":2},"end":{"line":59,"column":23}},"31":{"start":{"line":60,"column":2},"end":{"line":60,"column":27}},"32":{"start":{"line":61,"column":2},"end":{"line":61,"column":62}},"33":{"start":{"line":62,"column":2},"end":{"line":66,"column":3}},"34":{"start":{"line":63,"column":3},"end":{"line":65,"column":4}},"35":{"start":{"line":64,"column":4},"end":{"line":64,"column":30}},"36":{"start":{"line":71,"column":0},"end":{"line":83,"column":1}},"37":{"start":{"line":72,"column":1},"end":{"line":82,"column":3}},"38":{"start":{"line":73,"column":2},"end":{"line":73,"column":23}},"39":{"start":{"line":74,"column":2},"end":{"line":74,"column":27}},"40":{"start":{"line":75,"column":2},"end":{"line":75,"column":62}},"41":{"start":{"line":76,"column":2},"end":{"line":80,"column":3}},"42":{"start":{"line":77,"column":3},"end":{"line":79,"column":4}},"43":{"start":{"line":78,"column":4},"end":{"line":78,"column":16}},"44":{"start":{"line":81,"column":2},"end":{"line":81,"column":15}},"45":{"start":{"line":86,"column":0},"end":{"line":106,"column":1}},"46":{"start":{"line":87,"column":1},"end":{"line":105,"column":3}},"47":{"start":{"line":88,"column":2},"end":{"line":88,"column":33}},"48":{"start":{"line":89,"column":2},"end":{"line":89,"column":30}},"49":{"start":{"line":90,"column":2},"end":{"line":92,"column":3}},"50":{"start":{"line":91,"column":3},"end":{"line":91,"column":17}},"51":{"start":{"line":93,"column":2},"end":{"line":98,"column":3}},"52":{"start":{"line":94,"column":3},"end":{"line":94,"column":23}},"53":{"start":{"line":95,"column":3},"end":{"line":97,"column":4}},"54":{"start":{"line":96,"column":4},"end":{"line":96,"column":18}},"55":{"start":{"line":99,"column":2},"end":{"line":103,"column":3}},"56":{"start":{"line":100,"column":3},"end":{"line":102,"column":4}},"57":{"start":{"line":101,"column":4},"end":{"line":101,"column":21}},"58":{"start":{"line":104,"column":2},"end":{"line":104,"column":12}},"59":{"start":{"line":109,"column":0},"end":{"line":122,"column":1}},"60":{"start":{"line":110,"column":1},"end":{"line":121,"column":3}},"61":{"start":{"line":111,"column":2},"end":{"line":111,"column":23}},"62":{"start":{"line":112,"column":2},"end":{"line":112,"column":27}},"63":{"start":{"line":113,"column":2},"end":{"line":113,"column":27}},"64":{"start":{"line":114,"column":2},"end":{"line":114,"column":62}},"65":{"start":{"line":115,"column":2},"end":{"line":119,"column":3}},"66":{"start":{"line":116,"column":3},"end":{"line":118,"column":4}},"67":{"start":{"line":117,"column":4},"end":{"line":117,"column":39}},"68":{"start":{"line":120,"column":2},"end":{"line":120,"column":13}}},"branchMap":{"1":{"line":1,"type":"if","locations":[{"start":{"line":1,"column":0},"end":{"line":1,"column":0}},{"start":{"line":1,"column":0},"end":{"line":1,"column":0}}]},"2":{"line":19,"type":"if","locations":[{"start":{"line":19,"column":0},"end":{"line":19,"column":0}},{"start":{"line":19,"column":0},"end":{"line":19,"column":0}}]},"3":{"line":23,"type":"if","locations":[{"start":{"line":23,"column":3},"end":{"line":23,"column":3}},{"start":{"line":23,"column":3},"end":{"line":23,"column":3}}]},"4":{"line":32,"type":"if","locations":[{"start":{"line":32,"column":0},"end":{"line":32,"column":0}},{"start":{"line":32,"column":0},"end":{"line":32,"column":0}}]},"5":{"line":39,"type":"cond-expr","locations":[{"start":{"line":39,"column":37},"end":{"line":39,"column":41}},{"start":{"line":39,"column":44},"end":{"line":39,"column":49}}]},"6":{"line":39,"type":"binary-expr","locations":[{"start":{"line":39,"column":5},"end":{"line":39,"column":25}},{"start":{"line":39,"column":29},"end":{"line":39,"column":34}}]},"7":{"line":50,"type":"if","locations":[{"start":{"line":50,"column":0},"end":{"line":50,"column":0}},{"start":{"line":50,"column":0},"end":{"line":50,"column":0}}]},"8":{"line":57,"type":"if","locations":[{"start":{"line":57,"column":0},"end":{"line":57,"column":0}},{"start":{"line":57,"column":0},"end":{"line":57,"column":0}}]},"9":{"line":61,"type":"cond-expr","locations":[{"start":{"line":61,"column":40},"end":{"line":61,"column":52}},{"start":{"line":61,"column":55},"end":{"line":61,"column":61}}]},"10":{"line":63,"type":"if","locations":[{"start":{"line":63,"column":3},"end":{"line":63,"column":3}},{"start":{"line":63,"column":3},"end":{"line":63,"column":3}}]},"11":{"line":71,"type":"if","locations":[{"start":{"line":71,"column":0},"end":{"line":71,"column":0}},{"start":{"line":71,"column":0},"end":{"line":71,"column":0}}]},"12":{"line":75,"type":"cond-expr","locations":[{"start":{"line":75,"column":40},"end":{"line":75,"column":52}},{"start":{"line":75,"column":55},"end":{"line":75,"column":61}}]},"13":{"line":77,"type":"if","locations":[{"start":{"line":77,"column":3},"end":{"line":77,"column":3}},{"start":{"line":77,"column":3},"end":{"line":77,"column":3}}]},"14":{"line":77,"type":"binary-expr","locations":[{"start":{"line":77,"column":7},"end":{"line":77,"column":13}},{"start":{"line":77,"column":17},"end":{"line":77,"column":42}}]},"15":{"line":86,"type":"if","locations":[{"start":{"line":86,"column":0},"end":{"line":86,"column":0}},{"start":{"line":86,"column":0},"end":{"line":86,"column":0}}]},"16":{"line":89,"type":"binary-expr","locations":[{"start":{"line":89,"column":14},"end":{"line":89,"column":24}},{"start":{"line":89,"column":28},"end":{"line":89,"column":29}}]},"17":{"line":90,"type":"if","locations":[{"start":{"line":90,"column":2},"end":{"line":90,"column":2}},{"start":{"line":90,"column":2},"end":{"line":90,"column":2}}]},"18":{"line":93,"type":"if","locations":[{"start":{"line":93,"column":2},"end":{"line":93,"column":2}},{"start":{"line":93,"column":2},"end":{"line":93,"column":2}}]},"19":{"line":95,"type":"if","locations":[{"start":{"line":95,"column":3},"end":{"line":95,"column":3}},{"start":{"line":95,"column":3},"end":{"line":95,"column":3}}]},"20":{"line":100,"type":"if","locations":[{"start":{"line":100,"column":3},"end":{"line":100,"column":3}},{"start":{"line":100,"column":3},"end":{"line":100,"column":3}}]},"21":{"line":109,"type":"if","locations":[{"start":{"line":109,"column":0},"end":{"line":109,"column":0}},{"start":{"line":109,"column":0},"end":{"line":109,"column":0}}]},"22":{"line":114,"type":"cond-expr","locations":[{"start":{"line":114,"column":40},"end":{"line":114,"column":52}},{"start":{"line":114,"column":55},"end":{"line":114,"column":61}}]},"23":{"line":116,"type":"if","locations":[{"start":{"line":116,"column":3},"end":{"line":116,"column":3}},{"start":{"line":116,"column":3},"end":{"line":116,"column":3}}]}},"code":["if (!Object.create) {","\tObject.create = function(o) {","\t\tfunction F(){}","\t\tF.prototype = o;","\t\treturn new F();","\t};","}","(function(){","\ttry {","\t\tObject.defineProperty({},\"x\",{});","\t}","\tcatch (err) {","\t\tObject.defineProperty = function(obj,prop,desc) {","\t\t\tobj[prop] = desc.value;","\t\t\treturn obj;","\t\t};","\t}","})();","if (!Object.keys) {","\tObject.keys = function(obj){","\t\tvar result = [], prop;","\t\tfor (prop in obj) {","\t\t\tif (Object.prototype.hasOwnProperty.call(obj,prop)) {","\t\t\t\tresult.push(prop);","\t\t\t}","\t\t}","\t\treturn result;","\t};","}","// Adapted From:","// https://developer.mozilla.org/en-US/docs/Web/JavaScript/Reference/Global_Objects/Function/bind","if (!Function.prototype.bind) {","\tFunction.prototype.bind = function(oThis) {","\t\tvar aArgs = Array.prototype.slice.call(arguments,1),","\t\t\tfToBind = this,","\t\t\tfNOP = function(){},","\t\t\tfBound = function(){","\t\t\t\treturn fToBind.apply(","\t\t\t\t\tthis instanceof fNOP && oThis ? this : oThis,","\t\t\t\t\taArgs.concat(Array.prototype.slice.call(arguments))","\t\t\t\t);","\t\t\t}","\t\t;","\t\tfBound.prototype = Object.create(this.prototype);","\t\treturn fBound;","\t};","}","// Adapted From:","// https://developer.mozilla.org/en-US/docs/Web/JavaScript/Reference/Global_Objects/Array/isArray","if (!Array.isArray) {","\tArray.isArray = function(arg) {","\t\treturn Object.prototype.toString.call(arg) === \"[object Array]\";","\t};","}","// Adapted From:","// https://developer.mozilla.org/en-US/docs/Web/JavaScript/Reference/Global_Objects/Array/forEach","if (!Array.prototype.forEach) {","\tArray.prototype.forEach = function(fn) {","\t\tvar t = Object(this);","\t\tvar len = t.length >>> 0;","\t\tvar thisArg = arguments.length >= 2 ? arguments[1] : void 0;","\t\tfor (var i=0; i<len; i++) {","\t\t\tif (i in t) {","\t\t\t\tfn.call(thisArg,t[i],i,t);","\t\t\t}","\t\t}","\t};","}","// Adapted From:","// https://developer.mozilla.org/en-US/docs/Web/JavaScript/Reference/Global_Objects/Array/some","if (!Array.prototype.some) {","\tArray.prototype.some = function(fn) {","\t\tvar t = Object(this);","\t\tvar len = t.length >>> 0;","\t\tvar thisArg = arguments.length >= 2 ? arguments[1] : void 0;","\t\tfor (var i=0; i<len; i++) {","\t\t\tif (i in t && fn.call(thisArg,t[i],i,t)) {","\t\t\t\treturn true;","\t\t\t}","\t\t}","\t\treturn false;","\t};","}","// Adapted From:","// https://developer.mozilla.org/en-US/docs/Web/JavaScript/Reference/Global_Objects/Array/indexOf","if (!Array.prototype.indexOf) {","\tArray.prototype.indexOf = function(searchElement,fromIndex) {","\t\tvar length = this.length >>> 0; // Hack to convert object.length to a UInt32","\t\tfromIndex = +fromIndex || 0;","\t\tif (Math.abs(fromIndex) === Infinity) {","\t\t\tfromIndex = 0;","\t\t}","\t\tif (fromIndex < 0) {","\t\t\tfromIndex += length;","\t\t\tif (fromIndex < 0) {","\t\t\t\tfromIndex = 0;","\t\t\t}","\t\t}","\t\tfor (;fromIndex<length; fromIndex++) {","\t\t\tif (this[fromIndex] === searchElement) {","\t\t\t\treturn fromIndex;","\t\t\t}","\t\t}","\t\treturn -1;","\t};","}","// Adapted From:","// https://developer.mozilla.org/en-US/docs/Web/JavaScript/Reference/Global_Objects/Array/map","if (!Array.prototype.map) {","\tArray.prototype.map = function(fn) {","\t\tvar t = Object(this);","\t\tvar len = t.length >>> 0;","\t\tvar res = new Array(len);","\t\tvar thisArg = arguments.length >= 2 ? arguments[1] : void 0;","\t\tfor (var i = 0; i < len; i++) {","\t\t\tif (i in t) {","\t\t\t\tres[i] = fn.call(thisArg,t[i],i,t);","\t\t\t}","\t\t}","\t\treturn res;","\t};","}",""],"l":{"1":1,"2":0,"3":1,"4":0,"5":0,"8":1,"9":1,"10":1,"13":0,"14":0,"15":0,"19":1,"20":0,"21":0,"22":0,"23":0,"24":0,"27":0,"32":1,"33":0,"34":0,"38":0,"44":0,"45":0,"50":1,"51":0,"52":0,"57":1,"58":0,"59":0,"60":0,"61":0,"62":0,"63":0,"64":0,"71":1,"72":0,"73":0,"74":0,"75":0,"76":0,"77":0,"78":0,"81":0,"86":1,"87":0,"88":0,"89":0,"90":0,"91":0,"93":0,"94":0,"95":0,"96":0,"99":0,"100":0,"101":0,"104":0,"109":1,"110":0,"111":0,"112":0,"113":0,"114":0,"115":0,"116":0,"117":0,"120":0}}}